Build started 01/07/2016 01:01:10 م.
     1>Project "E:\files\ahmed\College\Graduation Project\June_Work\Emap4\Visual_studio_work_space\Emap_clean_Real_8_hex_col_nos\Emap4_clean_complex\Emap4_clean_complex.vcxproj" on node 2 (build target(s)).
       Project file contains ToolsVersion="14.0". This toolset may be unknown or missing, in which case you may be able to resolve this by installing the appropriate version of MSBuild, or the build may have been forced to a particular ToolsVersion for policy reasons. Treating the project as if it had ToolsVersion="4.0". For more information, please see http://go.microsoft.com/fwlink/?LinkId=291333.
     1>InitializeBuildStatus:
         Creating "Debug\Emap4_clean_complex.unsuccessfulbuild" because "AlwaysCreate" was specified.
       ClCompile:
         C:\Program Files (x86)\Microsoft Visual Studio 10.0\VC\bin\CL.exe /c /ZI /nologo /W3 /WX- /Od /Oy- /D WIN32 /D _DEBUG /D _CONSOLE /D _UNICODE /D UNICODE /Gm /EHsc /RTC1 /MDd /GS /fp:precise /Zc:wchar_t /Zc:forScope /Fo"Debug\\" /Fd"Debug\vc100.pdb" /Gd /TP /analyze- /errorReport:prompt Source.cpp
         Source.cpp
     1>e:\files\ahmed\college\graduation project\june_work\emap4\visual_studio_work_space\emap_clean_real_8_hex_col_nos\emap4_clean_complex\source.cpp(537): warning C4101: 'test_i' : unreferenced local variable
     1>e:\files\ahmed\college\graduation project\june_work\emap4\visual_studio_work_space\emap_clean_real_8_hex_col_nos\emap4_clean_complex\source.cpp(537): warning C4101: 'test_j' : unreferenced local variable
     1>e:\files\ahmed\college\graduation project\june_work\emap4\visual_studio_work_space\emap_clean_real_8_hex_col_nos\emap4_clean_complex\source.cpp(563): warning C4996: 'getche': The POSIX name for this item is deprecated. Instead, use the ISO C++ conformant name: _getche. See online help for details.
                 c:\program files (x86)\microsoft visual studio 10.0\vc\include\conio.h(129) : see declaration of 'getche'
     1>e:\files\ahmed\college\graduation project\june_work\emap4\visual_studio_work_space\emap_clean_real_8_hex_col_nos\emap4_clean_complex\source.cpp(569): warning C4996: 'strcpy': This function or variable may be unsafe. Consider using strcpy_s instead. To disable deprecation, use _CRT_SECURE_NO_WARNINGS. See online help for details.
                 c:\program files (x86)\microsoft visual studio 10.0\vc\include\string.h(105) : see declaration of 'strcpy'
     1>e:\files\ahmed\college\graduation project\june_work\emap4\visual_studio_work_space\emap_clean_real_8_hex_col_nos\emap4_clean_complex\source.cpp(572): warning C4996: 'strcpy': This function or variable may be unsafe. Consider using strcpy_s instead. To disable deprecation, use _CRT_SECURE_NO_WARNINGS. See online help for details.
                 c:\program files (x86)\microsoft visual studio 10.0\vc\include\string.h(105) : see declaration of 'strcpy'
     1>e:\files\ahmed\college\graduation project\june_work\emap4\visual_studio_work_space\emap_clean_real_8_hex_col_nos\emap4_clean_complex\source.cpp(576): warning C4996: 'fopen': This function or variable may be unsafe. Consider using fopen_s instead. To disable deprecation, use _CRT_SECURE_NO_WARNINGS. See online help for details.
                 c:\program files (x86)\microsoft visual studio 10.0\vc\include\stdio.h(234) : see declaration of 'fopen'
     1>e:\files\ahmed\college\graduation project\june_work\emap4\visual_studio_work_space\emap_clean_real_8_hex_col_nos\emap4_clean_complex\source.cpp(580): warning C4996: 'getche': The POSIX name for this item is deprecated. Instead, use the ISO C++ conformant name: _getche. See online help for details.
                 c:\program files (x86)\microsoft visual studio 10.0\vc\include\conio.h(129) : see declaration of 'getche'
     1>e:\files\ahmed\college\graduation project\june_work\emap4\visual_studio_work_space\emap_clean_real_8_hex_col_nos\emap4_clean_complex\source.cpp(696): warning C4244: '=' : conversion from 'float' to 'int', possible loss of data
     1>e:\files\ahmed\college\graduation project\june_work\emap4\visual_studio_work_space\emap_clean_real_8_hex_col_nos\emap4_clean_complex\source.cpp(743): warning C4305: 'argument' : truncation from 'double' to 'float'
     1>e:\files\ahmed\college\graduation project\june_work\emap4\visual_studio_work_space\emap_clean_real_8_hex_col_nos\emap4_clean_complex\source.cpp(754): warning C4305: '=' : truncation from 'double' to 'float'
     1>e:\files\ahmed\college\graduation project\june_work\emap4\visual_studio_work_space\emap_clean_real_8_hex_col_nos\emap4_clean_complex\source.cpp(755): warning C4305: '=' : truncation from 'double' to 'float'
     1>e:\files\ahmed\college\graduation project\june_work\emap4\visual_studio_work_space\emap_clean_real_8_hex_col_nos\emap4_clean_complex\source.cpp(756): warning C4244: '=' : conversion from 'double' to 'float', possible loss of data
     1>e:\files\ahmed\college\graduation project\june_work\emap4\visual_studio_work_space\emap_clean_real_8_hex_col_nos\emap4_clean_complex\source.cpp(757): warning C4244: '=' : conversion from 'double' to 'float', possible loss of data
     1>e:\files\ahmed\college\graduation project\june_work\emap4\visual_studio_work_space\emap_clean_real_8_hex_col_nos\emap4_clean_complex\source.cpp(758): warning C4244: '=' : conversion from 'double' to 'float', possible loss of data
     1>e:\files\ahmed\college\graduation project\june_work\emap4\visual_studio_work_space\emap_clean_real_8_hex_col_nos\emap4_clean_complex\source.cpp(772): warning C4305: '=' : truncation from 'double' to 'float'
     1>e:\files\ahmed\college\graduation project\june_work\emap4\visual_studio_work_space\emap_clean_real_8_hex_col_nos\emap4_clean_complex\source.cpp(773): warning C4305: '=' : truncation from 'double' to 'float'
     1>e:\files\ahmed\college\graduation project\june_work\emap4\visual_studio_work_space\emap_clean_real_8_hex_col_nos\emap4_clean_complex\source.cpp(774): warning C4244: '=' : conversion from 'double' to 'float', possible loss of data
     1>e:\files\ahmed\college\graduation project\june_work\emap4\visual_studio_work_space\emap_clean_real_8_hex_col_nos\emap4_clean_complex\source.cpp(775): warning C4244: '=' : conversion from 'double' to 'float', possible loss of data
     1>e:\files\ahmed\college\graduation project\june_work\emap4\visual_studio_work_space\emap_clean_real_8_hex_col_nos\emap4_clean_complex\source.cpp(776): warning C4244: '=' : conversion from 'double' to 'float', possible loss of data
     1>e:\files\ahmed\college\graduation project\june_work\emap4\visual_studio_work_space\emap_clean_real_8_hex_col_nos\emap4_clean_complex\source.cpp(1171): warning C4244: '=' : conversion from 'double' to 'float', possible loss of data
     1>e:\files\ahmed\college\graduation project\june_work\emap4\visual_studio_work_space\emap_clean_real_8_hex_col_nos\emap4_clean_complex\source.cpp(1247): warning C4244: '=' : conversion from 'double' to 'float', possible loss of data
     1>e:\files\ahmed\college\graduation project\june_work\emap4\visual_studio_work_space\emap_clean_real_8_hex_col_nos\emap4_clean_complex\source.cpp(1279): warning C4244: '=' : conversion from 'double' to 'float', possible loss of data
     1>e:\files\ahmed\college\graduation project\june_work\emap4\visual_studio_work_space\emap_clean_real_8_hex_col_nos\emap4_clean_complex\source.cpp(1327): warning C4244: '=' : conversion from 'double' to 'float', possible loss of data
     1>e:\files\ahmed\college\graduation project\june_work\emap4\visual_studio_work_space\emap_clean_real_8_hex_col_nos\emap4_clean_complex\source.cpp(1500): warning C4101: 'II' : unreferenced local variable
     1>e:\files\ahmed\college\graduation project\june_work\emap4\visual_studio_work_space\emap_clean_real_8_hex_col_nos\emap4_clean_complex\source.cpp(1500): warning C4101: 'JJ' : unreferenced local variable
     1>e:\files\ahmed\college\graduation project\june_work\emap4\visual_studio_work_space\emap_clean_real_8_hex_col_nos\emap4_clean_complex\source.cpp(1662): warning C4244: 'return' : conversion from 'float' to 'int', possible loss of data
     1>e:\files\ahmed\college\graduation project\june_work\emap4\visual_studio_work_space\emap_clean_real_8_hex_col_nos\emap4_clean_complex\source.cpp(1684): warning C4996: 'fopen': This function or variable may be unsafe. Consider using fopen_s instead. To disable deprecation, use _CRT_SECURE_NO_WARNINGS. See online help for details.
                 c:\program files (x86)\microsoft visual studio 10.0\vc\include\stdio.h(234) : see declaration of 'fopen'
     1>e:\files\ahmed\college\graduation project\june_work\emap4\visual_studio_work_space\emap_clean_real_8_hex_col_nos\emap4_clean_complex\source.cpp(1685): warning C4996: 'fopen': This function or variable may be unsafe. Consider using fopen_s instead. To disable deprecation, use _CRT_SECURE_NO_WARNINGS. See online help for details.
                 c:\program files (x86)\microsoft visual studio 10.0\vc\include\stdio.h(234) : see declaration of 'fopen'
     1>e:\files\ahmed\college\graduation project\june_work\emap4\visual_studio_work_space\emap_clean_real_8_hex_col_nos\emap4_clean_complex\source.cpp(1686): warning C4996: 'fopen': This function or variable may be unsafe. Consider using fopen_s instead. To disable deprecation, use _CRT_SECURE_NO_WARNINGS. See online help for details.
                 c:\program files (x86)\microsoft visual studio 10.0\vc\include\stdio.h(234) : see declaration of 'fopen'
     1>e:\files\ahmed\college\graduation project\june_work\emap4\visual_studio_work_space\emap_clean_real_8_hex_col_nos\emap4_clean_complex\source.cpp(1687): warning C4996: 'fopen': This function or variable may be unsafe. Consider using fopen_s instead. To disable deprecation, use _CRT_SECURE_NO_WARNINGS. See online help for details.
                 c:\program files (x86)\microsoft visual studio 10.0\vc\include\stdio.h(234) : see declaration of 'fopen'
     1>e:\files\ahmed\college\graduation project\june_work\emap4\visual_studio_work_space\emap_clean_real_8_hex_col_nos\emap4_clean_complex\source.cpp(1688): warning C4996: 'fopen': This function or variable may be unsafe. Consider using fopen_s instead. To disable deprecation, use _CRT_SECURE_NO_WARNINGS. See online help for details.
                 c:\program files (x86)\microsoft visual studio 10.0\vc\include\stdio.h(234) : see declaration of 'fopen'
     1>e:\files\ahmed\college\graduation project\june_work\emap4\visual_studio_work_space\emap_clean_real_8_hex_col_nos\emap4_clean_complex\source.cpp(1689): warning C4996: 'fopen': This function or variable may be unsafe. Consider using fopen_s instead. To disable deprecation, use _CRT_SECURE_NO_WARNINGS. See online help for details.
                 c:\program files (x86)\microsoft visual studio 10.0\vc\include\stdio.h(234) : see declaration of 'fopen'
     1>e:\files\ahmed\college\graduation project\june_work\emap4\visual_studio_work_space\emap_clean_real_8_hex_col_nos\emap4_clean_complex\source.cpp(1690): warning C4996: 'fopen': This function or variable may be unsafe. Consider using fopen_s instead. To disable deprecation, use _CRT_SECURE_NO_WARNINGS. See online help for details.
                 c:\program files (x86)\microsoft visual studio 10.0\vc\include\stdio.h(234) : see declaration of 'fopen'
     1>e:\files\ahmed\college\graduation project\june_work\emap4\visual_studio_work_space\emap_clean_real_8_hex_col_nos\emap4_clean_complex\source.cpp(1691): warning C4996: 'fopen': This function or variable may be unsafe. Consider using fopen_s instead. To disable deprecation, use _CRT_SECURE_NO_WARNINGS. See online help for details.
                 c:\program files (x86)\microsoft visual studio 10.0\vc\include\stdio.h(234) : see declaration of 'fopen'
     1>e:\files\ahmed\college\graduation project\june_work\emap4\visual_studio_work_space\emap_clean_real_8_hex_col_nos\emap4_clean_complex\source.cpp(1692): warning C4996: 'fopen': This function or variable may be unsafe. Consider using fopen_s instead. To disable deprecation, use _CRT_SECURE_NO_WARNINGS. See online help for details.
                 c:\program files (x86)\microsoft visual studio 10.0\vc\include\stdio.h(234) : see declaration of 'fopen'
     1>e:\files\ahmed\college\graduation project\june_work\emap4\visual_studio_work_space\emap_clean_real_8_hex_col_nos\emap4_clean_complex\source.cpp(1693): warning C4996: 'fopen': This function or variable may be unsafe. Consider using fopen_s instead. To disable deprecation, use _CRT_SECURE_NO_WARNINGS. See online help for details.
                 c:\program files (x86)\microsoft visual studio 10.0\vc\include\stdio.h(234) : see declaration of 'fopen'
     1>e:\files\ahmed\college\graduation project\june_work\emap4\visual_studio_work_space\emap_clean_real_8_hex_col_nos\emap4_clean_complex\source.cpp(1694): warning C4996: 'fopen': This function or variable may be unsafe. Consider using fopen_s instead. To disable deprecation, use _CRT_SECURE_NO_WARNINGS. See online help for details.
                 c:\program files (x86)\microsoft visual studio 10.0\vc\include\stdio.h(234) : see declaration of 'fopen'
     1>e:\files\ahmed\college\graduation project\june_work\emap4\visual_studio_work_space\emap_clean_real_8_hex_col_nos\emap4_clean_complex\source.cpp(1746): warning C4244: 'initializing' : conversion from 'double' to 'int', possible loss of data
     1>e:\files\ahmed\college\graduation project\june_work\emap4\visual_studio_work_space\emap_clean_real_8_hex_col_nos\emap4_clean_complex\source.cpp(1779): warning C4244: 'initializing' : conversion from 'double' to 'float', possible loss of data
     1>e:\files\ahmed\college\graduation project\june_work\emap4\visual_studio_work_space\emap_clean_real_8_hex_col_nos\emap4_clean_complex\source.cpp(1790): warning C4244: 'initializing' : conversion from 'double' to 'float', possible loss of data
     1>e:\files\ahmed\college\graduation project\june_work\emap4\visual_studio_work_space\emap_clean_real_8_hex_col_nos\emap4_clean_complex\source.cpp(2140): warning C4996: 'sscanf': This function or variable may be unsafe. Consider using sscanf_s instead. To disable deprecation, use _CRT_SECURE_NO_WARNINGS. See online help for details.
                 c:\program files (x86)\microsoft visual studio 10.0\vc\include\stdio.h(325) : see declaration of 'sscanf'
     1>e:\files\ahmed\college\graduation project\june_work\emap4\visual_studio_work_space\emap_clean_real_8_hex_col_nos\emap4_clean_complex\source.cpp(2141): warning C4244: '=' : conversion from 'double' to 'float', possible loss of data
     1>e:\files\ahmed\college\graduation project\june_work\emap4\visual_studio_work_space\emap_clean_real_8_hex_col_nos\emap4_clean_complex\source.cpp(2147): warning C4996: 'sscanf': This function or variable may be unsafe. Consider using sscanf_s instead. To disable deprecation, use _CRT_SECURE_NO_WARNINGS. See online help for details.
                 c:\program files (x86)\microsoft visual studio 10.0\vc\include\stdio.h(325) : see declaration of 'sscanf'
     1>e:\files\ahmed\college\graduation project\june_work\emap4\visual_studio_work_space\emap_clean_real_8_hex_col_nos\emap4_clean_complex\source.cpp(2148): warning C4996: 'fopen': This function or variable may be unsafe. Consider using fopen_s instead. To disable deprecation, use _CRT_SECURE_NO_WARNINGS. See online help for details.
                 c:\program files (x86)\microsoft visual studio 10.0\vc\include\stdio.h(234) : see declaration of 'fopen'
     1>e:\files\ahmed\college\graduation project\june_work\emap4\visual_studio_work_space\emap_clean_real_8_hex_col_nos\emap4_clean_complex\source.cpp(2166): warning C4996: 'sscanf': This function or variable may be unsafe. Consider using sscanf_s instead. To disable deprecation, use _CRT_SECURE_NO_WARNINGS. See online help for details.
                 c:\program files (x86)\microsoft visual studio 10.0\vc\include\stdio.h(325) : see declaration of 'sscanf'
     1>e:\files\ahmed\college\graduation project\june_work\emap4\visual_studio_work_space\emap_clean_real_8_hex_col_nos\emap4_clean_complex\source.cpp(2290): warning C4244: '=' : conversion from 'double' to 'float', possible loss of data
     1>e:\files\ahmed\college\graduation project\june_work\emap4\visual_studio_work_space\emap_clean_real_8_hex_col_nos\emap4_clean_complex\source.cpp(2317): warning C4244: '=' : conversion from 'double' to 'float', possible loss of data
     1>e:\files\ahmed\college\graduation project\june_work\emap4\visual_studio_work_space\emap_clean_real_8_hex_col_nos\emap4_clean_complex\source.cpp(2338): warning C4244: '=' : conversion from 'double' to 'float', possible loss of data
     1>e:\files\ahmed\college\graduation project\june_work\emap4\visual_studio_work_space\emap_clean_real_8_hex_col_nos\emap4_clean_complex\source.cpp(2364): warning C4244: '=' : conversion from 'double' to 'float', possible loss of data
     1>e:\files\ahmed\college\graduation project\june_work\emap4\visual_studio_work_space\emap_clean_real_8_hex_col_nos\emap4_clean_complex\source.cpp(2372): warning C4996: 'strcpy': This function or variable may be unsafe. Consider using strcpy_s instead. To disable deprecation, use _CRT_SECURE_NO_WARNINGS. See online help for details.
                 c:\program files (x86)\microsoft visual studio 10.0\vc\include\string.h(105) : see declaration of 'strcpy'
     1>e:\files\ahmed\college\graduation project\june_work\emap4\visual_studio_work_space\emap_clean_real_8_hex_col_nos\emap4_clean_complex\source.cpp(2373): warning C4996: 'fopen': This function or variable may be unsafe. Consider using fopen_s instead. To disable deprecation, use _CRT_SECURE_NO_WARNINGS. See online help for details.
                 c:\program files (x86)\microsoft visual studio 10.0\vc\include\stdio.h(234) : see declaration of 'fopen'
     1>e:\files\ahmed\college\graduation project\june_work\emap4\visual_studio_work_space\emap_clean_real_8_hex_col_nos\emap4_clean_complex\source.cpp(2376): warning C4996: 'strcpy': This function or variable may be unsafe. Consider using strcpy_s instead. To disable deprecation, use _CRT_SECURE_NO_WARNINGS. See online help for details.
                 c:\program files (x86)\microsoft visual studio 10.0\vc\include\string.h(105) : see declaration of 'strcpy'
     1>e:\files\ahmed\college\graduation project\june_work\emap4\visual_studio_work_space\emap_clean_real_8_hex_col_nos\emap4_clean_complex\source.cpp(2377): warning C4996: 'fopen': This function or variable may be unsafe. Consider using fopen_s instead. To disable deprecation, use _CRT_SECURE_NO_WARNINGS. See online help for details.
                 c:\program files (x86)\microsoft visual studio 10.0\vc\include\stdio.h(234) : see declaration of 'fopen'
     1>e:\files\ahmed\college\graduation project\june_work\emap4\visual_studio_work_space\emap_clean_real_8_hex_col_nos\emap4_clean_complex\source.cpp(2383): warning C4996: 'strcpy': This function or variable may be unsafe. Consider using strcpy_s instead. To disable deprecation, use _CRT_SECURE_NO_WARNINGS. See online help for details.
                 c:\program files (x86)\microsoft visual studio 10.0\vc\include\string.h(105) : see declaration of 'strcpy'
     1>e:\files\ahmed\college\graduation project\june_work\emap4\visual_studio_work_space\emap_clean_real_8_hex_col_nos\emap4_clean_complex\source.cpp(2384): warning C4996: 'fopen': This function or variable may be unsafe. Consider using fopen_s instead. To disable deprecation, use _CRT_SECURE_NO_WARNINGS. See online help for details.
                 c:\program files (x86)\microsoft visual studio 10.0\vc\include\stdio.h(234) : see declaration of 'fopen'
     1>e:\files\ahmed\college\graduation project\june_work\emap4\visual_studio_work_space\emap_clean_real_8_hex_col_nos\emap4_clean_complex\source.cpp(2425): warning C4305: '=' : truncation from 'double' to 'float'
     1>e:\files\ahmed\college\graduation project\june_work\emap4\visual_studio_work_space\emap_clean_real_8_hex_col_nos\emap4_clean_complex\source.cpp(2429): warning C4305: '=' : truncation from 'double' to 'float'
     1>e:\files\ahmed\college\graduation project\june_work\emap4\visual_studio_work_space\emap_clean_real_8_hex_col_nos\emap4_clean_complex\source.cpp(2433): warning C4305: '=' : truncation from 'double' to 'float'
     1>e:\files\ahmed\college\graduation project\june_work\emap4\visual_studio_work_space\emap_clean_real_8_hex_col_nos\emap4_clean_complex\source.cpp(2454): warning C4996: 'sscanf': This function or variable may be unsafe. Consider using sscanf_s instead. To disable deprecation, use _CRT_SECURE_NO_WARNINGS. See online help for details.
                 c:\program files (x86)\microsoft visual studio 10.0\vc\include\stdio.h(325) : see declaration of 'sscanf'
     1>e:\files\ahmed\college\graduation project\june_work\emap4\visual_studio_work_space\emap_clean_real_8_hex_col_nos\emap4_clean_complex\source.cpp(2459): warning C4305: '=' : truncation from 'double' to 'float'
     1>e:\files\ahmed\college\graduation project\june_work\emap4\visual_studio_work_space\emap_clean_real_8_hex_col_nos\emap4_clean_complex\source.cpp(2463): warning C4305: '=' : truncation from 'double' to 'float'
     1>e:\files\ahmed\college\graduation project\june_work\emap4\visual_studio_work_space\emap_clean_real_8_hex_col_nos\emap4_clean_complex\source.cpp(2465): warning C4305: '=' : truncation from 'double' to 'float'
     1>e:\files\ahmed\college\graduation project\june_work\emap4\visual_studio_work_space\emap_clean_real_8_hex_col_nos\emap4_clean_complex\source.cpp(2477): warning C4305: '=' : truncation from 'double' to 'float'
     1>e:\files\ahmed\college\graduation project\june_work\emap4\visual_studio_work_space\emap_clean_real_8_hex_col_nos\emap4_clean_complex\source.cpp(2481): warning C4305: '=' : truncation from 'double' to 'float'
     1>e:\files\ahmed\college\graduation project\june_work\emap4\visual_studio_work_space\emap_clean_real_8_hex_col_nos\emap4_clean_complex\source.cpp(2483): warning C4305: '=' : truncation from 'double' to 'float'
     1>e:\files\ahmed\college\graduation project\june_work\emap4\visual_studio_work_space\emap_clean_real_8_hex_col_nos\emap4_clean_complex\source.cpp(2495): warning C4305: '=' : truncation from 'double' to 'float'
     1>e:\files\ahmed\college\graduation project\june_work\emap4\visual_studio_work_space\emap_clean_real_8_hex_col_nos\emap4_clean_complex\source.cpp(2499): warning C4305: '=' : truncation from 'double' to 'float'
     1>e:\files\ahmed\college\graduation project\june_work\emap4\visual_studio_work_space\emap_clean_real_8_hex_col_nos\emap4_clean_complex\source.cpp(2501): warning C4305: '=' : truncation from 'double' to 'float'
     1>e:\files\ahmed\college\graduation project\june_work\emap4\visual_studio_work_space\emap_clean_real_8_hex_col_nos\emap4_clean_complex\source.cpp(2513): warning C4996: 'sscanf': This function or variable may be unsafe. Consider using sscanf_s instead. To disable deprecation, use _CRT_SECURE_NO_WARNINGS. See online help for details.
                 c:\program files (x86)\microsoft visual studio 10.0\vc\include\stdio.h(325) : see declaration of 'sscanf'
     1>e:\files\ahmed\college\graduation project\june_work\emap4\visual_studio_work_space\emap_clean_real_8_hex_col_nos\emap4_clean_complex\source.cpp(2694): warning C4996: 'sscanf': This function or variable may be unsafe. Consider using sscanf_s instead. To disable deprecation, use _CRT_SECURE_NO_WARNINGS. See online help for details.
                 c:\program files (x86)\microsoft visual studio 10.0\vc\include\stdio.h(325) : see declaration of 'sscanf'
     1>e:\files\ahmed\college\graduation project\june_work\emap4\visual_studio_work_space\emap_clean_real_8_hex_col_nos\emap4_clean_complex\source.cpp(2718): warning C4244: '=' : conversion from 'double' to 'float', possible loss of data
     1>e:\files\ahmed\college\graduation project\june_work\emap4\visual_studio_work_space\emap_clean_real_8_hex_col_nos\emap4_clean_complex\source.cpp(2719): warning C4244: '=' : conversion from 'double' to 'float', possible loss of data
     1>e:\files\ahmed\college\graduation project\june_work\emap4\visual_studio_work_space\emap_clean_real_8_hex_col_nos\emap4_clean_complex\source.cpp(2732): warning C4244: 'argument' : conversion from 'double' to 'float', possible loss of data
     1>e:\files\ahmed\college\graduation project\june_work\emap4\visual_studio_work_space\emap_clean_real_8_hex_col_nos\emap4_clean_complex\source.cpp(2732): warning C4244: 'argument' : conversion from 'double' to 'float', possible loss of data
     1>e:\files\ahmed\college\graduation project\june_work\emap4\visual_studio_work_space\emap_clean_real_8_hex_col_nos\emap4_clean_complex\source.cpp(3113): warning C4244: 'argument' : conversion from 'double' to 'float', possible loss of data
     1>e:\files\ahmed\college\graduation project\june_work\emap4\visual_studio_work_space\emap_clean_real_8_hex_col_nos\emap4_clean_complex\source.cpp(3117): warning C4244: 'argument' : conversion from 'double' to 'float', possible loss of data
     1>e:\files\ahmed\college\graduation project\june_work\emap4\visual_studio_work_space\emap_clean_real_8_hex_col_nos\emap4_clean_complex\source.cpp(3121): warning C4244: 'argument' : conversion from 'double' to 'float', possible loss of data
     1>e:\files\ahmed\college\graduation project\june_work\emap4\visual_studio_work_space\emap_clean_real_8_hex_col_nos\emap4_clean_complex\source.cpp(3125): warning C4244: 'argument' : conversion from 'double' to 'float', possible loss of data
     1>e:\files\ahmed\college\graduation project\june_work\emap4\visual_studio_work_space\emap_clean_real_8_hex_col_nos\emap4_clean_complex\source.cpp(3134): warning C4244: 'argument' : conversion from 'double' to 'float', possible loss of data
     1>e:\files\ahmed\college\graduation project\june_work\emap4\visual_studio_work_space\emap_clean_real_8_hex_col_nos\emap4_clean_complex\source.cpp(3138): warning C4244: 'argument' : conversion from 'double' to 'float', possible loss of data
     1>e:\files\ahmed\college\graduation project\june_work\emap4\visual_studio_work_space\emap_clean_real_8_hex_col_nos\emap4_clean_complex\source.cpp(3142): warning C4244: 'argument' : conversion from 'double' to 'float', possible loss of data
     1>e:\files\ahmed\college\graduation project\june_work\emap4\visual_studio_work_space\emap_clean_real_8_hex_col_nos\emap4_clean_complex\source.cpp(3146): warning C4244: 'argument' : conversion from 'double' to 'float', possible loss of data
     1>e:\files\ahmed\college\graduation project\june_work\emap4\visual_studio_work_space\emap_clean_real_8_hex_col_nos\emap4_clean_complex\source.cpp(3155): warning C4244: 'argument' : conversion from 'double' to 'float', possible loss of data
     1>e:\files\ahmed\college\graduation project\june_work\emap4\visual_studio_work_space\emap_clean_real_8_hex_col_nos\emap4_clean_complex\source.cpp(3159): warning C4244: 'argument' : conversion from 'double' to 'float', possible loss of data
     1>e:\files\ahmed\college\graduation project\june_work\emap4\visual_studio_work_space\emap_clean_real_8_hex_col_nos\emap4_clean_complex\source.cpp(3163): warning C4244: 'argument' : conversion from 'double' to 'float', possible loss of data
     1>e:\files\ahmed\college\graduation project\june_work\emap4\visual_studio_work_space\emap_clean_real_8_hex_col_nos\emap4_clean_complex\source.cpp(3167): warning C4244: 'argument' : conversion from 'double' to 'float', possible loss of data
     1>e:\files\ahmed\college\graduation project\june_work\emap4\visual_studio_work_space\emap_clean_real_8_hex_col_nos\emap4_clean_complex\source.cpp(3197): warning C4244: 'argument' : conversion from 'double' to 'float', possible loss of data
     1>e:\files\ahmed\college\graduation project\june_work\emap4\visual_studio_work_space\emap_clean_real_8_hex_col_nos\emap4_clean_complex\source.cpp(3198): warning C4244: 'argument' : conversion from 'double' to 'float', possible loss of data
     1>e:\files\ahmed\college\graduation project\june_work\emap4\visual_studio_work_space\emap_clean_real_8_hex_col_nos\emap4_clean_complex\source.cpp(3204): warning C4244: 'argument' : conversion from 'double' to 'float', possible loss of data
     1>e:\files\ahmed\college\graduation project\june_work\emap4\visual_studio_work_space\emap_clean_real_8_hex_col_nos\emap4_clean_complex\source.cpp(3205): warning C4244: 'argument' : conversion from 'double' to 'float', possible loss of data
     1>e:\files\ahmed\college\graduation project\june_work\emap4\visual_studio_work_space\emap_clean_real_8_hex_col_nos\emap4_clean_complex\source.cpp(3211): warning C4244: 'argument' : conversion from 'double' to 'float', possible loss of data
     1>e:\files\ahmed\college\graduation project\june_work\emap4\visual_studio_work_space\emap_clean_real_8_hex_col_nos\emap4_clean_complex\source.cpp(3212): warning C4244: 'argument' : conversion from 'double' to 'float', possible loss of data
     1>e:\files\ahmed\college\graduation project\june_work\emap4\visual_studio_work_space\emap_clean_real_8_hex_col_nos\emap4_clean_complex\source.cpp(3218): warning C4244: 'argument' : conversion from 'double' to 'float', possible loss of data
     1>e:\files\ahmed\college\graduation project\june_work\emap4\visual_studio_work_space\emap_clean_real_8_hex_col_nos\emap4_clean_complex\source.cpp(3219): warning C4244: 'argument' : conversion from 'double' to 'float', possible loss of data
     1>e:\files\ahmed\college\graduation project\june_work\emap4\visual_studio_work_space\emap_clean_real_8_hex_col_nos\emap4_clean_complex\source.cpp(3231): warning C4244: 'argument' : conversion from 'double' to 'float', possible loss of data
     1>e:\files\ahmed\college\graduation project\june_work\emap4\visual_studio_work_space\emap_clean_real_8_hex_col_nos\emap4_clean_complex\source.cpp(3232): warning C4244: 'argument' : conversion from 'double' to 'float', possible loss of data
     1>e:\files\ahmed\college\graduation project\june_work\emap4\visual_studio_work_space\emap_clean_real_8_hex_col_nos\emap4_clean_complex\source.cpp(3238): warning C4244: 'argument' : conversion from 'double' to 'float', possible loss of data
     1>e:\files\ahmed\college\graduation project\june_work\emap4\visual_studio_work_space\emap_clean_real_8_hex_col_nos\emap4_clean_complex\source.cpp(3239): warning C4244: 'argument' : conversion from 'double' to 'float', possible loss of data
     1>e:\files\ahmed\college\graduation project\june_work\emap4\visual_studio_work_space\emap_clean_real_8_hex_col_nos\emap4_clean_complex\source.cpp(3245): warning C4244: 'argument' : conversion from 'double' to 'float', possible loss of data
     1>e:\files\ahmed\college\graduation project\june_work\emap4\visual_studio_work_space\emap_clean_real_8_hex_col_nos\emap4_clean_complex\source.cpp(3246): warning C4244: 'argument' : conversion from 'double' to 'float', possible loss of data
     1>e:\files\ahmed\college\graduation project\june_work\emap4\visual_studio_work_space\emap_clean_real_8_hex_col_nos\emap4_clean_complex\source.cpp(3252): warning C4244: 'argument' : conversion from 'double' to 'float', possible loss of data
     1>e:\files\ahmed\college\graduation project\june_work\emap4\visual_studio_work_space\emap_clean_real_8_hex_col_nos\emap4_clean_complex\source.cpp(3253): warning C4244: 'argument' : conversion from 'double' to 'float', possible loss of data
     1>e:\files\ahmed\college\graduation project\june_work\emap4\visual_studio_work_space\emap_clean_real_8_hex_col_nos\emap4_clean_complex\source.cpp(3265): warning C4244: 'argument' : conversion from 'double' to 'float', possible loss of data
     1>e:\files\ahmed\college\graduation project\june_work\emap4\visual_studio_work_space\emap_clean_real_8_hex_col_nos\emap4_clean_complex\source.cpp(3266): warning C4244: 'argument' : conversion from 'double' to 'float', possible loss of data
     1>e:\files\ahmed\college\graduation project\june_work\emap4\visual_studio_work_space\emap_clean_real_8_hex_col_nos\emap4_clean_complex\source.cpp(3272): warning C4244: 'argument' : conversion from 'double' to 'float', possible loss of data
     1>e:\files\ahmed\college\graduation project\june_work\emap4\visual_studio_work_space\emap_clean_real_8_hex_col_nos\emap4_clean_complex\source.cpp(3273): warning C4244: 'argument' : conversion from 'double' to 'float', possible loss of data
     1>e:\files\ahmed\college\graduation project\june_work\emap4\visual_studio_work_space\emap_clean_real_8_hex_col_nos\emap4_clean_complex\source.cpp(3279): warning C4244: 'argument' : conversion from 'double' to 'float', possible loss of data
     1>e:\files\ahmed\college\graduation project\june_work\emap4\visual_studio_work_space\emap_clean_real_8_hex_col_nos\emap4_clean_complex\source.cpp(3280): warning C4244: 'argument' : conversion from 'double' to 'float', possible loss of data
     1>e:\files\ahmed\college\graduation project\june_work\emap4\visual_studio_work_space\emap_clean_real_8_hex_col_nos\emap4_clean_complex\source.cpp(3286): warning C4244: 'argument' : conversion from 'double' to 'float', possible loss of data
     1>e:\files\ahmed\college\graduation project\june_work\emap4\visual_studio_work_space\emap_clean_real_8_hex_col_nos\emap4_clean_complex\source.cpp(3287): warning C4244: 'argument' : conversion from 'double' to 'float', possible loss of data
     1>e:\files\ahmed\college\graduation project\june_work\emap4\visual_studio_work_space\emap_clean_real_8_hex_col_nos\emap4_clean_complex\source.cpp(3481): warning C4244: '=' : conversion from 'double' to 'float', possible loss of data
     1>e:\files\ahmed\college\graduation project\june_work\emap4\visual_studio_work_space\emap_clean_real_8_hex_col_nos\emap4_clean_complex\source.cpp(3482): warning C4244: '=' : conversion from 'double' to 'float', possible loss of data
     1>e:\files\ahmed\college\graduation project\june_work\emap4\visual_studio_work_space\emap_clean_real_8_hex_col_nos\emap4_clean_complex\source.cpp(3484): warning C4244: '=' : conversion from 'double' to 'float', possible loss of data
     1>e:\files\ahmed\college\graduation project\june_work\emap4\visual_studio_work_space\emap_clean_real_8_hex_col_nos\emap4_clean_complex\source.cpp(3485): warning C4244: '=' : conversion from 'double' to 'float', possible loss of data
     1>e:\files\ahmed\college\graduation project\june_work\emap4\visual_studio_work_space\emap_clean_real_8_hex_col_nos\emap4_clean_complex\source.cpp(3487): warning C4244: '=' : conversion from 'double' to 'float', possible loss of data
     1>e:\files\ahmed\college\graduation project\june_work\emap4\visual_studio_work_space\emap_clean_real_8_hex_col_nos\emap4_clean_complex\source.cpp(3488): warning C4244: '=' : conversion from 'double' to 'float', possible loss of data
     1>e:\files\ahmed\college\graduation project\june_work\emap4\visual_studio_work_space\emap_clean_real_8_hex_col_nos\emap4_clean_complex\source.cpp(3490): warning C4244: '=' : conversion from 'double' to 'float', possible loss of data
     1>e:\files\ahmed\college\graduation project\june_work\emap4\visual_studio_work_space\emap_clean_real_8_hex_col_nos\emap4_clean_complex\source.cpp(3491): warning C4244: '=' : conversion from 'double' to 'float', possible loss of data
     1>e:\files\ahmed\college\graduation project\june_work\emap4\visual_studio_work_space\emap_clean_real_8_hex_col_nos\emap4_clean_complex\source.cpp(3504): warning C4244: '=' : conversion from 'double' to 'float', possible loss of data
     1>e:\files\ahmed\college\graduation project\june_work\emap4\visual_studio_work_space\emap_clean_real_8_hex_col_nos\emap4_clean_complex\source.cpp(3505): warning C4244: '=' : conversion from 'double' to 'float', possible loss of data
     1>e:\files\ahmed\college\graduation project\june_work\emap4\visual_studio_work_space\emap_clean_real_8_hex_col_nos\emap4_clean_complex\source.cpp(3507): warning C4244: '=' : conversion from 'double' to 'float', possible loss of data
     1>e:\files\ahmed\college\graduation project\june_work\emap4\visual_studio_work_space\emap_clean_real_8_hex_col_nos\emap4_clean_complex\source.cpp(3508): warning C4244: '=' : conversion from 'double' to 'float', possible loss of data
     1>e:\files\ahmed\college\graduation project\june_work\emap4\visual_studio_work_space\emap_clean_real_8_hex_col_nos\emap4_clean_complex\source.cpp(3510): warning C4244: '=' : conversion from 'double' to 'float', possible loss of data
     1>e:\files\ahmed\college\graduation project\june_work\emap4\visual_studio_work_space\emap_clean_real_8_hex_col_nos\emap4_clean_complex\source.cpp(3511): warning C4244: '=' : conversion from 'double' to 'float', possible loss of data
     1>e:\files\ahmed\college\graduation project\june_work\emap4\visual_studio_work_space\emap_clean_real_8_hex_col_nos\emap4_clean_complex\source.cpp(3513): warning C4244: '=' : conversion from 'double' to 'float', possible loss of data
     1>e:\files\ahmed\college\graduation project\june_work\emap4\visual_studio_work_space\emap_clean_real_8_hex_col_nos\emap4_clean_complex\source.cpp(3514): warning C4244: '=' : conversion from 'double' to 'float', possible loss of data
     1>e:\files\ahmed\college\graduation project\june_work\emap4\visual_studio_work_space\emap_clean_real_8_hex_col_nos\emap4_clean_complex\source.cpp(3527): warning C4244: '=' : conversion from 'double' to 'float', possible loss of data
     1>e:\files\ahmed\college\graduation project\june_work\emap4\visual_studio_work_space\emap_clean_real_8_hex_col_nos\emap4_clean_complex\source.cpp(3528): warning C4244: '=' : conversion from 'double' to 'float', possible loss of data
     1>e:\files\ahmed\college\graduation project\june_work\emap4\visual_studio_work_space\emap_clean_real_8_hex_col_nos\emap4_clean_complex\source.cpp(3530): warning C4244: '=' : conversion from 'double' to 'float', possible loss of data
     1>e:\files\ahmed\college\graduation project\june_work\emap4\visual_studio_work_space\emap_clean_real_8_hex_col_nos\emap4_clean_complex\source.cpp(3531): warning C4244: '=' : conversion from 'double' to 'float', possible loss of data
     1>e:\files\ahmed\college\graduation project\june_work\emap4\visual_studio_work_space\emap_clean_real_8_hex_col_nos\emap4_clean_complex\source.cpp(3533): warning C4244: '=' : conversion from 'double' to 'float', possible loss of data
     1>e:\files\ahmed\college\graduation project\june_work\emap4\visual_studio_work_space\emap_clean_real_8_hex_col_nos\emap4_clean_complex\source.cpp(3534): warning C4244: '=' : conversion from 'double' to 'float', possible loss of data
     1>e:\files\ahmed\college\graduation project\june_work\emap4\visual_studio_work_space\emap_clean_real_8_hex_col_nos\emap4_clean_complex\source.cpp(3536): warning C4244: '=' : conversion from 'double' to 'float', possible loss of data
     1>e:\files\ahmed\college\graduation project\june_work\emap4\visual_studio_work_space\emap_clean_real_8_hex_col_nos\emap4_clean_complex\source.cpp(3537): warning C4244: '=' : conversion from 'double' to 'float', possible loss of data
     1>e:\files\ahmed\college\graduation project\june_work\emap4\visual_studio_work_space\emap_clean_real_8_hex_col_nos\emap4_clean_complex\source.cpp(3551): warning C4244: '=' : conversion from 'double' to 'float', possible loss of data
     1>e:\files\ahmed\college\graduation project\june_work\emap4\visual_studio_work_space\emap_clean_real_8_hex_col_nos\emap4_clean_complex\source.cpp(3552): warning C4244: '=' : conversion from 'double' to 'float', possible loss of data
     1>e:\files\ahmed\college\graduation project\june_work\emap4\visual_studio_work_space\emap_clean_real_8_hex_col_nos\emap4_clean_complex\source.cpp(3554): warning C4244: '=' : conversion from 'double' to 'float', possible loss of data
     1>e:\files\ahmed\college\graduation project\june_work\emap4\visual_studio_work_space\emap_clean_real_8_hex_col_nos\emap4_clean_complex\source.cpp(3555): warning C4244: '=' : conversion from 'double' to 'float', possible loss of data
     1>e:\files\ahmed\college\graduation project\june_work\emap4\visual_studio_work_space\emap_clean_real_8_hex_col_nos\emap4_clean_complex\source.cpp(3557): warning C4244: '=' : conversion from 'double' to 'float', possible loss of data
     1>e:\files\ahmed\college\graduation project\june_work\emap4\visual_studio_work_space\emap_clean_real_8_hex_col_nos\emap4_clean_complex\source.cpp(3558): warning C4244: '=' : conversion from 'double' to 'float', possible loss of data
     1>e:\files\ahmed\college\graduation project\june_work\emap4\visual_studio_work_space\emap_clean_real_8_hex_col_nos\emap4_clean_complex\source.cpp(3563): warning C4244: '=' : conversion from 'double' to 'float', possible loss of data
     1>e:\files\ahmed\college\graduation project\june_work\emap4\visual_studio_work_space\emap_clean_real_8_hex_col_nos\emap4_clean_complex\source.cpp(3564): warning C4244: '=' : conversion from 'double' to 'float', possible loss of data
     1>e:\files\ahmed\college\graduation project\june_work\emap4\visual_studio_work_space\emap_clean_real_8_hex_col_nos\emap4_clean_complex\source.cpp(3566): warning C4244: '=' : conversion from 'double' to 'float', possible loss of data
     1>e:\files\ahmed\college\graduation project\june_work\emap4\visual_studio_work_space\emap_clean_real_8_hex_col_nos\emap4_clean_complex\source.cpp(3567): warning C4244: '=' : conversion from 'double' to 'float', possible loss of data
     1>e:\files\ahmed\college\graduation project\june_work\emap4\visual_studio_work_space\emap_clean_real_8_hex_col_nos\emap4_clean_complex\source.cpp(3569): warning C4244: '=' : conversion from 'double' to 'float', possible loss of data
     1>e:\files\ahmed\college\graduation project\june_work\emap4\visual_studio_work_space\emap_clean_real_8_hex_col_nos\emap4_clean_complex\source.cpp(3570): warning C4244: '=' : conversion from 'double' to 'float', possible loss of data
     1>e:\files\ahmed\college\graduation project\june_work\emap4\visual_studio_work_space\emap_clean_real_8_hex_col_nos\emap4_clean_complex\source.cpp(3582): warning C4244: '=' : conversion from 'double' to 'float', possible loss of data
     1>e:\files\ahmed\college\graduation project\june_work\emap4\visual_studio_work_space\emap_clean_real_8_hex_col_nos\emap4_clean_complex\source.cpp(3583): warning C4244: '=' : conversion from 'double' to 'float', possible loss of data
     1>e:\files\ahmed\college\graduation project\june_work\emap4\visual_studio_work_space\emap_clean_real_8_hex_col_nos\emap4_clean_complex\source.cpp(3585): warning C4244: '=' : conversion from 'double' to 'float', possible loss of data
     1>e:\files\ahmed\college\graduation project\june_work\emap4\visual_studio_work_space\emap_clean_real_8_hex_col_nos\emap4_clean_complex\source.cpp(3586): warning C4244: '=' : conversion from 'double' to 'float', possible loss of data
     1>e:\files\ahmed\college\graduation project\june_work\emap4\visual_studio_work_space\emap_clean_real_8_hex_col_nos\emap4_clean_complex\source.cpp(3588): warning C4244: '=' : conversion from 'double' to 'float', possible loss of data
     1>e:\files\ahmed\college\graduation project\june_work\emap4\visual_studio_work_space\emap_clean_real_8_hex_col_nos\emap4_clean_complex\source.cpp(3589): warning C4244: '=' : conversion from 'double' to 'float', possible loss of data
     1>e:\files\ahmed\college\graduation project\june_work\emap4\visual_studio_work_space\emap_clean_real_8_hex_col_nos\emap4_clean_complex\source.cpp(3594): warning C4244: '=' : conversion from 'double' to 'float', possible loss of data
     1>e:\files\ahmed\college\graduation project\june_work\emap4\visual_studio_work_space\emap_clean_real_8_hex_col_nos\emap4_clean_complex\source.cpp(3595): warning C4244: '=' : conversion from 'double' to 'float', possible loss of data
     1>e:\files\ahmed\college\graduation project\june_work\emap4\visual_studio_work_space\emap_clean_real_8_hex_col_nos\emap4_clean_complex\source.cpp(3597): warning C4244: '=' : conversion from 'double' to 'float', possible loss of data
     1>e:\files\ahmed\college\graduation project\june_work\emap4\visual_studio_work_space\emap_clean_real_8_hex_col_nos\emap4_clean_complex\source.cpp(3598): warning C4244: '=' : conversion from 'double' to 'float', possible loss of data
     1>e:\files\ahmed\college\graduation project\june_work\emap4\visual_studio_work_space\emap_clean_real_8_hex_col_nos\emap4_clean_complex\source.cpp(3600): warning C4244: '=' : conversion from 'double' to 'float', possible loss of data
     1>e:\files\ahmed\college\graduation project\june_work\emap4\visual_studio_work_space\emap_clean_real_8_hex_col_nos\emap4_clean_complex\source.cpp(3601): warning C4244: '=' : conversion from 'double' to 'float', possible loss of data
     1>e:\files\ahmed\college\graduation project\june_work\emap4\visual_studio_work_space\emap_clean_real_8_hex_col_nos\emap4_clean_complex\source.cpp(3613): warning C4244: '=' : conversion from 'double' to 'float', possible loss of data
     1>e:\files\ahmed\college\graduation project\june_work\emap4\visual_studio_work_space\emap_clean_real_8_hex_col_nos\emap4_clean_complex\source.cpp(3614): warning C4244: '=' : conversion from 'double' to 'float', possible loss of data
     1>e:\files\ahmed\college\graduation project\june_work\emap4\visual_studio_work_space\emap_clean_real_8_hex_col_nos\emap4_clean_complex\source.cpp(3616): warning C4244: '=' : conversion from 'double' to 'float', possible loss of data
     1>e:\files\ahmed\college\graduation project\june_work\emap4\visual_studio_work_space\emap_clean_real_8_hex_col_nos\emap4_clean_complex\source.cpp(3617): warning C4244: '=' : conversion from 'double' to 'float', possible loss of data
     1>e:\files\ahmed\college\graduation project\june_work\emap4\visual_studio_work_space\emap_clean_real_8_hex_col_nos\emap4_clean_complex\source.cpp(3619): warning C4244: '=' : conversion from 'double' to 'float', possible loss of data
     1>e:\files\ahmed\college\graduation project\june_work\emap4\visual_studio_work_space\emap_clean_real_8_hex_col_nos\emap4_clean_complex\source.cpp(3620): warning C4244: '=' : conversion from 'double' to 'float', possible loss of data
     1>e:\files\ahmed\college\graduation project\june_work\emap4\visual_studio_work_space\emap_clean_real_8_hex_col_nos\emap4_clean_complex\source.cpp(3625): warning C4244: '=' : conversion from 'double' to 'float', possible loss of data
     1>e:\files\ahmed\college\graduation project\june_work\emap4\visual_studio_work_space\emap_clean_real_8_hex_col_nos\emap4_clean_complex\source.cpp(3626): warning C4244: '=' : conversion from 'double' to 'float', possible loss of data
     1>e:\files\ahmed\college\graduation project\june_work\emap4\visual_studio_work_space\emap_clean_real_8_hex_col_nos\emap4_clean_complex\source.cpp(3628): warning C4244: '=' : conversion from 'double' to 'float', possible loss of data
     1>e:\files\ahmed\college\graduation project\june_work\emap4\visual_studio_work_space\emap_clean_real_8_hex_col_nos\emap4_clean_complex\source.cpp(3629): warning C4244: '=' : conversion from 'double' to 'float', possible loss of data
     1>e:\files\ahmed\college\graduation project\june_work\emap4\visual_studio_work_space\emap_clean_real_8_hex_col_nos\emap4_clean_complex\source.cpp(3631): warning C4244: '=' : conversion from 'double' to 'float', possible loss of data
     1>e:\files\ahmed\college\graduation project\june_work\emap4\visual_studio_work_space\emap_clean_real_8_hex_col_nos\emap4_clean_complex\source.cpp(3632): warning C4244: '=' : conversion from 'double' to 'float', possible loss of data
     1>e:\files\ahmed\college\graduation project\june_work\emap4\visual_studio_work_space\emap_clean_real_8_hex_col_nos\emap4_clean_complex\source.cpp(3644): warning C4244: '=' : conversion from 'double' to 'float', possible loss of data
     1>e:\files\ahmed\college\graduation project\june_work\emap4\visual_studio_work_space\emap_clean_real_8_hex_col_nos\emap4_clean_complex\source.cpp(3645): warning C4244: '=' : conversion from 'double' to 'float', possible loss of data
     1>e:\files\ahmed\college\graduation project\june_work\emap4\visual_studio_work_space\emap_clean_real_8_hex_col_nos\emap4_clean_complex\source.cpp(3647): warning C4244: '=' : conversion from 'double' to 'float', possible loss of data
     1>e:\files\ahmed\college\graduation project\june_work\emap4\visual_studio_work_space\emap_clean_real_8_hex_col_nos\emap4_clean_complex\source.cpp(3648): warning C4244: '=' : conversion from 'double' to 'float', possible loss of data
     1>e:\files\ahmed\college\graduation project\june_work\emap4\visual_studio_work_space\emap_clean_real_8_hex_col_nos\emap4_clean_complex\source.cpp(3650): warning C4244: '=' : conversion from 'double' to 'float', possible loss of data
     1>e:\files\ahmed\college\graduation project\june_work\emap4\visual_studio_work_space\emap_clean_real_8_hex_col_nos\emap4_clean_complex\source.cpp(3651): warning C4244: '=' : conversion from 'double' to 'float', possible loss of data
     1>e:\files\ahmed\college\graduation project\june_work\emap4\visual_studio_work_space\emap_clean_real_8_hex_col_nos\emap4_clean_complex\source.cpp(3656): warning C4244: '=' : conversion from 'double' to 'float', possible loss of data
     1>e:\files\ahmed\college\graduation project\june_work\emap4\visual_studio_work_space\emap_clean_real_8_hex_col_nos\emap4_clean_complex\source.cpp(3657): warning C4244: '=' : conversion from 'double' to 'float', possible loss of data
     1>e:\files\ahmed\college\graduation project\june_work\emap4\visual_studio_work_space\emap_clean_real_8_hex_col_nos\emap4_clean_complex\source.cpp(3659): warning C4244: '=' : conversion from 'double' to 'float', possible loss of data
     1>e:\files\ahmed\college\graduation project\june_work\emap4\visual_studio_work_space\emap_clean_real_8_hex_col_nos\emap4_clean_complex\source.cpp(3660): warning C4244: '=' : conversion from 'double' to 'float', possible loss of data
     1>e:\files\ahmed\college\graduation project\june_work\emap4\visual_studio_work_space\emap_clean_real_8_hex_col_nos\emap4_clean_complex\source.cpp(3662): warning C4244: '=' : conversion from 'double' to 'float', possible loss of data
     1>e:\files\ahmed\college\graduation project\june_work\emap4\visual_studio_work_space\emap_clean_real_8_hex_col_nos\emap4_clean_complex\source.cpp(3663): warning C4244: '=' : conversion from 'double' to 'float', possible loss of data
     1>e:\files\ahmed\college\graduation project\june_work\emap4\visual_studio_work_space\emap_clean_real_8_hex_col_nos\emap4_clean_complex\source.cpp(3675): warning C4244: '=' : conversion from 'double' to 'float', possible loss of data
     1>e:\files\ahmed\college\graduation project\june_work\emap4\visual_studio_work_space\emap_clean_real_8_hex_col_nos\emap4_clean_complex\source.cpp(3676): warning C4244: '=' : conversion from 'double' to 'float', possible loss of data
     1>e:\files\ahmed\college\graduation project\june_work\emap4\visual_studio_work_space\emap_clean_real_8_hex_col_nos\emap4_clean_complex\source.cpp(3678): warning C4244: '=' : conversion from 'double' to 'float', possible loss of data
     1>e:\files\ahmed\college\graduation project\june_work\emap4\visual_studio_work_space\emap_clean_real_8_hex_col_nos\emap4_clean_complex\source.cpp(3679): warning C4244: '=' : conversion from 'double' to 'float', possible loss of data
     1>e:\files\ahmed\college\graduation project\june_work\emap4\visual_studio_work_space\emap_clean_real_8_hex_col_nos\emap4_clean_complex\source.cpp(3681): warning C4244: '=' : conversion from 'double' to 'float', possible loss of data
     1>e:\files\ahmed\college\graduation project\june_work\emap4\visual_studio_work_space\emap_clean_real_8_hex_col_nos\emap4_clean_complex\source.cpp(3682): warning C4244: '=' : conversion from 'double' to 'float', possible loss of data
     1>e:\files\ahmed\college\graduation project\june_work\emap4\visual_studio_work_space\emap_clean_real_8_hex_col_nos\emap4_clean_complex\source.cpp(3687): warning C4244: '=' : conversion from 'double' to 'float', possible loss of data
     1>e:\files\ahmed\college\graduation project\june_work\emap4\visual_studio_work_space\emap_clean_real_8_hex_col_nos\emap4_clean_complex\source.cpp(3688): warning C4244: '=' : conversion from 'double' to 'float', possible loss of data
     1>e:\files\ahmed\college\graduation project\june_work\emap4\visual_studio_work_space\emap_clean_real_8_hex_col_nos\emap4_clean_complex\source.cpp(3690): warning C4244: '=' : conversion from 'double' to 'float', possible loss of data
     1>e:\files\ahmed\college\graduation project\june_work\emap4\visual_studio_work_space\emap_clean_real_8_hex_col_nos\emap4_clean_complex\source.cpp(3691): warning C4244: '=' : conversion from 'double' to 'float', possible loss of data
     1>e:\files\ahmed\college\graduation project\june_work\emap4\visual_studio_work_space\emap_clean_real_8_hex_col_nos\emap4_clean_complex\source.cpp(3693): warning C4244: '=' : conversion from 'double' to 'float', possible loss of data
     1>e:\files\ahmed\college\graduation project\june_work\emap4\visual_studio_work_space\emap_clean_real_8_hex_col_nos\emap4_clean_complex\source.cpp(3694): warning C4244: '=' : conversion from 'double' to 'float', possible loss of data
     1>e:\files\ahmed\college\graduation project\june_work\emap4\visual_studio_work_space\emap_clean_real_8_hex_col_nos\emap4_clean_complex\source.cpp(3706): warning C4244: '=' : conversion from 'double' to 'float', possible loss of data
     1>e:\files\ahmed\college\graduation project\june_work\emap4\visual_studio_work_space\emap_clean_real_8_hex_col_nos\emap4_clean_complex\source.cpp(3707): warning C4244: '=' : conversion from 'double' to 'float', possible loss of data
     1>e:\files\ahmed\college\graduation project\june_work\emap4\visual_studio_work_space\emap_clean_real_8_hex_col_nos\emap4_clean_complex\source.cpp(3709): warning C4244: '=' : conversion from 'double' to 'float', possible loss of data
     1>e:\files\ahmed\college\graduation project\june_work\emap4\visual_studio_work_space\emap_clean_real_8_hex_col_nos\emap4_clean_complex\source.cpp(3710): warning C4244: '=' : conversion from 'double' to 'float', possible loss of data
     1>e:\files\ahmed\college\graduation project\june_work\emap4\visual_studio_work_space\emap_clean_real_8_hex_col_nos\emap4_clean_complex\source.cpp(3712): warning C4244: '=' : conversion from 'double' to 'float', possible loss of data
     1>e:\files\ahmed\college\graduation project\june_work\emap4\visual_studio_work_space\emap_clean_real_8_hex_col_nos\emap4_clean_complex\source.cpp(3713): warning C4244: '=' : conversion from 'double' to 'float', possible loss of data
     1>e:\files\ahmed\college\graduation project\june_work\emap4\visual_studio_work_space\emap_clean_real_8_hex_col_nos\emap4_clean_complex\source.cpp(3718): warning C4244: '=' : conversion from 'double' to 'float', possible loss of data
     1>e:\files\ahmed\college\graduation project\june_work\emap4\visual_studio_work_space\emap_clean_real_8_hex_col_nos\emap4_clean_complex\source.cpp(3719): warning C4244: '=' : conversion from 'double' to 'float', possible loss of data
     1>e:\files\ahmed\college\graduation project\june_work\emap4\visual_studio_work_space\emap_clean_real_8_hex_col_nos\emap4_clean_complex\source.cpp(3721): warning C4244: '=' : conversion from 'double' to 'float', possible loss of data
     1>e:\files\ahmed\college\graduation project\june_work\emap4\visual_studio_work_space\emap_clean_real_8_hex_col_nos\emap4_clean_complex\source.cpp(3722): warning C4244: '=' : conversion from 'double' to 'float', possible loss of data
     1>e:\files\ahmed\college\graduation project\june_work\emap4\visual_studio_work_space\emap_clean_real_8_hex_col_nos\emap4_clean_complex\source.cpp(3724): warning C4244: '=' : conversion from 'double' to 'float', possible loss of data
     1>e:\files\ahmed\college\graduation project\june_work\emap4\visual_studio_work_space\emap_clean_real_8_hex_col_nos\emap4_clean_complex\source.cpp(3725): warning C4244: '=' : conversion from 'double' to 'float', possible loss of data
     1>e:\files\ahmed\college\graduation project\june_work\emap4\visual_studio_work_space\emap_clean_real_8_hex_col_nos\emap4_clean_complex\source.cpp(3739): warning C4244: '=' : conversion from 'double' to 'float', possible loss of data
     1>e:\files\ahmed\college\graduation project\june_work\emap4\visual_studio_work_space\emap_clean_real_8_hex_col_nos\emap4_clean_complex\source.cpp(3740): warning C4244: '=' : conversion from 'double' to 'float', possible loss of data
     1>e:\files\ahmed\college\graduation project\june_work\emap4\visual_studio_work_space\emap_clean_real_8_hex_col_nos\emap4_clean_complex\source.cpp(3745): warning C4244: '=' : conversion from 'double' to 'float', possible loss of data
     1>e:\files\ahmed\college\graduation project\june_work\emap4\visual_studio_work_space\emap_clean_real_8_hex_col_nos\emap4_clean_complex\source.cpp(3746): warning C4244: '=' : conversion from 'double' to 'float', possible loss of data
     1>e:\files\ahmed\college\graduation project\june_work\emap4\visual_studio_work_space\emap_clean_real_8_hex_col_nos\emap4_clean_complex\source.cpp(3751): warning C4244: '=' : conversion from 'double' to 'float', possible loss of data
     1>e:\files\ahmed\college\graduation project\june_work\emap4\visual_studio_work_space\emap_clean_real_8_hex_col_nos\emap4_clean_complex\source.cpp(3752): warning C4244: '=' : conversion from 'double' to 'float', possible loss of data
     1>e:\files\ahmed\college\graduation project\june_work\emap4\visual_studio_work_space\emap_clean_real_8_hex_col_nos\emap4_clean_complex\source.cpp(3757): warning C4244: '=' : conversion from 'double' to 'float', possible loss of data
     1>e:\files\ahmed\college\graduation project\june_work\emap4\visual_studio_work_space\emap_clean_real_8_hex_col_nos\emap4_clean_complex\source.cpp(3758): warning C4244: '=' : conversion from 'double' to 'float', possible loss of data
     1>e:\files\ahmed\college\graduation project\june_work\emap4\visual_studio_work_space\emap_clean_real_8_hex_col_nos\emap4_clean_complex\source.cpp(3769): warning C4244: '=' : conversion from 'double' to 'float', possible loss of data
     1>e:\files\ahmed\college\graduation project\june_work\emap4\visual_studio_work_space\emap_clean_real_8_hex_col_nos\emap4_clean_complex\source.cpp(3770): warning C4244: '=' : conversion from 'double' to 'float', possible loss of data
     1>e:\files\ahmed\college\graduation project\june_work\emap4\visual_studio_work_space\emap_clean_real_8_hex_col_nos\emap4_clean_complex\source.cpp(3775): warning C4244: '=' : conversion from 'double' to 'float', possible loss of data
     1>e:\files\ahmed\college\graduation project\june_work\emap4\visual_studio_work_space\emap_clean_real_8_hex_col_nos\emap4_clean_complex\source.cpp(3776): warning C4244: '=' : conversion from 'double' to 'float', possible loss of data
     1>e:\files\ahmed\college\graduation project\june_work\emap4\visual_studio_work_space\emap_clean_real_8_hex_col_nos\emap4_clean_complex\source.cpp(3781): warning C4244: '=' : conversion from 'double' to 'float', possible loss of data
     1>e:\files\ahmed\college\graduation project\june_work\emap4\visual_studio_work_space\emap_clean_real_8_hex_col_nos\emap4_clean_complex\source.cpp(3782): warning C4244: '=' : conversion from 'double' to 'float', possible loss of data
     1>e:\files\ahmed\college\graduation project\june_work\emap4\visual_studio_work_space\emap_clean_real_8_hex_col_nos\emap4_clean_complex\source.cpp(3787): warning C4244: '=' : conversion from 'double' to 'float', possible loss of data
     1>e:\files\ahmed\college\graduation project\june_work\emap4\visual_studio_work_space\emap_clean_real_8_hex_col_nos\emap4_clean_complex\source.cpp(3788): warning C4244: '=' : conversion from 'double' to 'float', possible loss of data
     1>e:\files\ahmed\college\graduation project\june_work\emap4\visual_studio_work_space\emap_clean_real_8_hex_col_nos\emap4_clean_complex\source.cpp(3799): warning C4244: '=' : conversion from 'double' to 'float', possible loss of data
     1>e:\files\ahmed\college\graduation project\june_work\emap4\visual_studio_work_space\emap_clean_real_8_hex_col_nos\emap4_clean_complex\source.cpp(3800): warning C4244: '=' : conversion from 'double' to 'float', possible loss of data
     1>e:\files\ahmed\college\graduation project\june_work\emap4\visual_studio_work_space\emap_clean_real_8_hex_col_nos\emap4_clean_complex\source.cpp(3805): warning C4244: '=' : conversion from 'double' to 'float', possible loss of data
     1>e:\files\ahmed\college\graduation project\june_work\emap4\visual_studio_work_space\emap_clean_real_8_hex_col_nos\emap4_clean_complex\source.cpp(3806): warning C4244: '=' : conversion from 'double' to 'float', possible loss of data
     1>e:\files\ahmed\college\graduation project\june_work\emap4\visual_studio_work_space\emap_clean_real_8_hex_col_nos\emap4_clean_complex\source.cpp(3811): warning C4244: '=' : conversion from 'double' to 'float', possible loss of data
     1>e:\files\ahmed\college\graduation project\june_work\emap4\visual_studio_work_space\emap_clean_real_8_hex_col_nos\emap4_clean_complex\source.cpp(3812): warning C4244: '=' : conversion from 'double' to 'float', possible loss of data
     1>e:\files\ahmed\college\graduation project\june_work\emap4\visual_studio_work_space\emap_clean_real_8_hex_col_nos\emap4_clean_complex\source.cpp(3817): warning C4244: '=' : conversion from 'double' to 'float', possible loss of data
     1>e:\files\ahmed\college\graduation project\june_work\emap4\visual_studio_work_space\emap_clean_real_8_hex_col_nos\emap4_clean_complex\source.cpp(3818): warning C4244: '=' : conversion from 'double' to 'float', possible loss of data
     1>e:\files\ahmed\college\graduation project\june_work\emap4\visual_studio_work_space\emap_clean_real_8_hex_col_nos\emap4_clean_complex\source.cpp(4106): warning C4244: 'argument' : conversion from 'double' to 'float', possible loss of data
     1>e:\files\ahmed\college\graduation project\june_work\emap4\visual_studio_work_space\emap_clean_real_8_hex_col_nos\emap4_clean_complex\source.cpp(4106): warning C4244: 'argument' : conversion from 'double' to 'float', possible loss of data
     1>e:\files\ahmed\college\graduation project\june_work\emap4\visual_studio_work_space\emap_clean_real_8_hex_col_nos\emap4_clean_complex\source.cpp(4106): warning C4244: 'argument' : conversion from 'double' to 'float', possible loss of data
     1>e:\files\ahmed\college\graduation project\june_work\emap4\visual_studio_work_space\emap_clean_real_8_hex_col_nos\emap4_clean_complex\source.cpp(4111): warning C4244: 'argument' : conversion from 'double' to 'float', possible loss of data
     1>e:\files\ahmed\college\graduation project\june_work\emap4\visual_studio_work_space\emap_clean_real_8_hex_col_nos\emap4_clean_complex\source.cpp(4111): warning C4244: 'argument' : conversion from 'double' to 'float', possible loss of data
     1>e:\files\ahmed\college\graduation project\june_work\emap4\visual_studio_work_space\emap_clean_real_8_hex_col_nos\emap4_clean_complex\source.cpp(4111): warning C4244: 'argument' : conversion from 'double' to 'float', possible loss of data
     1>e:\files\ahmed\college\graduation project\june_work\emap4\visual_studio_work_space\emap_clean_real_8_hex_col_nos\emap4_clean_complex\source.cpp(4116): warning C4244: 'argument' : conversion from 'double' to 'float', possible loss of data
     1>e:\files\ahmed\college\graduation project\june_work\emap4\visual_studio_work_space\emap_clean_real_8_hex_col_nos\emap4_clean_complex\source.cpp(4116): warning C4244: 'argument' : conversion from 'double' to 'float', possible loss of data
     1>e:\files\ahmed\college\graduation project\june_work\emap4\visual_studio_work_space\emap_clean_real_8_hex_col_nos\emap4_clean_complex\source.cpp(4116): warning C4244: 'argument' : conversion from 'double' to 'float', possible loss of data
     1>e:\files\ahmed\college\graduation project\june_work\emap4\visual_studio_work_space\emap_clean_real_8_hex_col_nos\emap4_clean_complex\source.cpp(4121): warning C4244: 'argument' : conversion from 'double' to 'float', possible loss of data
     1>e:\files\ahmed\college\graduation project\june_work\emap4\visual_studio_work_space\emap_clean_real_8_hex_col_nos\emap4_clean_complex\source.cpp(4121): warning C4244: 'argument' : conversion from 'double' to 'float', possible loss of data
     1>e:\files\ahmed\college\graduation project\june_work\emap4\visual_studio_work_space\emap_clean_real_8_hex_col_nos\emap4_clean_complex\source.cpp(4121): warning C4244: 'argument' : conversion from 'double' to 'float', possible loss of data
     1>e:\files\ahmed\college\graduation project\june_work\emap4\visual_studio_work_space\emap_clean_real_8_hex_col_nos\emap4_clean_complex\source.cpp(4133): warning C4244: 'argument' : conversion from 'double' to 'float', possible loss of data
     1>e:\files\ahmed\college\graduation project\june_work\emap4\visual_studio_work_space\emap_clean_real_8_hex_col_nos\emap4_clean_complex\source.cpp(4133): warning C4244: 'argument' : conversion from 'double' to 'float', possible loss of data
     1>e:\files\ahmed\college\graduation project\june_work\emap4\visual_studio_work_space\emap_clean_real_8_hex_col_nos\emap4_clean_complex\source.cpp(4133): warning C4244: 'argument' : conversion from 'double' to 'float', possible loss of data
     1>e:\files\ahmed\college\graduation project\june_work\emap4\visual_studio_work_space\emap_clean_real_8_hex_col_nos\emap4_clean_complex\source.cpp(4138): warning C4244: 'argument' : conversion from 'double' to 'float', possible loss of data
     1>e:\files\ahmed\college\graduation project\june_work\emap4\visual_studio_work_space\emap_clean_real_8_hex_col_nos\emap4_clean_complex\source.cpp(4138): warning C4244: 'argument' : conversion from 'double' to 'float', possible loss of data
     1>e:\files\ahmed\college\graduation project\june_work\emap4\visual_studio_work_space\emap_clean_real_8_hex_col_nos\emap4_clean_complex\source.cpp(4138): warning C4244: 'argument' : conversion from 'double' to 'float', possible loss of data
     1>e:\files\ahmed\college\graduation project\june_work\emap4\visual_studio_work_space\emap_clean_real_8_hex_col_nos\emap4_clean_complex\source.cpp(4143): warning C4244: 'argument' : conversion from 'double' to 'float', possible loss of data
     1>e:\files\ahmed\college\graduation project\june_work\emap4\visual_studio_work_space\emap_clean_real_8_hex_col_nos\emap4_clean_complex\source.cpp(4143): warning C4244: 'argument' : conversion from 'double' to 'float', possible loss of data
     1>e:\files\ahmed\college\graduation project\june_work\emap4\visual_studio_work_space\emap_clean_real_8_hex_col_nos\emap4_clean_complex\source.cpp(4143): warning C4244: 'argument' : conversion from 'double' to 'float', possible loss of data
     1>e:\files\ahmed\college\graduation project\june_work\emap4\visual_studio_work_space\emap_clean_real_8_hex_col_nos\emap4_clean_complex\source.cpp(4148): warning C4244: 'argument' : conversion from 'double' to 'float', possible loss of data
     1>e:\files\ahmed\college\graduation project\june_work\emap4\visual_studio_work_space\emap_clean_real_8_hex_col_nos\emap4_clean_complex\source.cpp(4148): warning C4244: 'argument' : conversion from 'double' to 'float', possible loss of data
     1>e:\files\ahmed\college\graduation project\june_work\emap4\visual_studio_work_space\emap_clean_real_8_hex_col_nos\emap4_clean_complex\source.cpp(4148): warning C4244: 'argument' : conversion from 'double' to 'float', possible loss of data
     1>e:\files\ahmed\college\graduation project\june_work\emap4\visual_studio_work_space\emap_clean_real_8_hex_col_nos\emap4_clean_complex\source.cpp(4160): warning C4244: 'argument' : conversion from 'double' to 'float', possible loss of data
     1>e:\files\ahmed\college\graduation project\june_work\emap4\visual_studio_work_space\emap_clean_real_8_hex_col_nos\emap4_clean_complex\source.cpp(4160): warning C4244: 'argument' : conversion from 'double' to 'float', possible loss of data
     1>e:\files\ahmed\college\graduation project\june_work\emap4\visual_studio_work_space\emap_clean_real_8_hex_col_nos\emap4_clean_complex\source.cpp(4160): warning C4244: 'argument' : conversion from 'double' to 'float', possible loss of data
     1>e:\files\ahmed\college\graduation project\june_work\emap4\visual_studio_work_space\emap_clean_real_8_hex_col_nos\emap4_clean_complex\source.cpp(4165): warning C4244: 'argument' : conversion from 'double' to 'float', possible loss of data
     1>e:\files\ahmed\college\graduation project\june_work\emap4\visual_studio_work_space\emap_clean_real_8_hex_col_nos\emap4_clean_complex\source.cpp(4165): warning C4244: 'argument' : conversion from 'double' to 'float', possible loss of data
     1>e:\files\ahmed\college\graduation project\june_work\emap4\visual_studio_work_space\emap_clean_real_8_hex_col_nos\emap4_clean_complex\source.cpp(4165): warning C4244: 'argument' : conversion from 'double' to 'float', possible loss of data
     1>e:\files\ahmed\college\graduation project\june_work\emap4\visual_studio_work_space\emap_clean_real_8_hex_col_nos\emap4_clean_complex\source.cpp(4170): warning C4244: 'argument' : conversion from 'double' to 'float', possible loss of data
     1>e:\files\ahmed\college\graduation project\june_work\emap4\visual_studio_work_space\emap_clean_real_8_hex_col_nos\emap4_clean_complex\source.cpp(4170): warning C4244: 'argument' : conversion from 'double' to 'float', possible loss of data
     1>e:\files\ahmed\college\graduation project\june_work\emap4\visual_studio_work_space\emap_clean_real_8_hex_col_nos\emap4_clean_complex\source.cpp(4170): warning C4244: 'argument' : conversion from 'double' to 'float', possible loss of data
     1>e:\files\ahmed\college\graduation project\june_work\emap4\visual_studio_work_space\emap_clean_real_8_hex_col_nos\emap4_clean_complex\source.cpp(4175): warning C4244: 'argument' : conversion from 'double' to 'float', possible loss of data
     1>e:\files\ahmed\college\graduation project\june_work\emap4\visual_studio_work_space\emap_clean_real_8_hex_col_nos\emap4_clean_complex\source.cpp(4175): warning C4244: 'argument' : conversion from 'double' to 'float', possible loss of data
     1>e:\files\ahmed\college\graduation project\june_work\emap4\visual_studio_work_space\emap_clean_real_8_hex_col_nos\emap4_clean_complex\source.cpp(4175): warning C4244: 'argument' : conversion from 'double' to 'float', possible loss of data
     1>e:\files\ahmed\college\graduation project\june_work\emap4\visual_studio_work_space\emap_clean_real_8_hex_col_nos\emap4_clean_complex\source.cpp(4518): warning C4996: 'fopen': This function or variable may be unsafe. Consider using fopen_s instead. To disable deprecation, use _CRT_SECURE_NO_WARNINGS. See online help for details.
                 c:\program files (x86)\microsoft visual studio 10.0\vc\include\stdio.h(234) : see declaration of 'fopen'
     1>e:\files\ahmed\college\graduation project\june_work\emap4\visual_studio_work_space\emap_clean_real_8_hex_col_nos\emap4_clean_complex\source.cpp(4519): warning C4996: 'fopen': This function or variable may be unsafe. Consider using fopen_s instead. To disable deprecation, use _CRT_SECURE_NO_WARNINGS. See online help for details.
                 c:\program files (x86)\microsoft visual studio 10.0\vc\include\stdio.h(234) : see declaration of 'fopen'
     1>e:\files\ahmed\college\graduation project\june_work\emap4\visual_studio_work_space\emap_clean_real_8_hex_col_nos\emap4_clean_complex\source.cpp(4520): warning C4996: 'fopen': This function or variable may be unsafe. Consider using fopen_s instead. To disable deprecation, use _CRT_SECURE_NO_WARNINGS. See online help for details.
                 c:\program files (x86)\microsoft visual studio 10.0\vc\include\stdio.h(234) : see declaration of 'fopen'
     1>e:\files\ahmed\college\graduation project\june_work\emap4\visual_studio_work_space\emap_clean_real_8_hex_col_nos\emap4_clean_complex\source.cpp(4521): warning C4996: 'fopen': This function or variable may be unsafe. Consider using fopen_s instead. To disable deprecation, use _CRT_SECURE_NO_WARNINGS. See online help for details.
                 c:\program files (x86)\microsoft visual studio 10.0\vc\include\stdio.h(234) : see declaration of 'fopen'
     1>e:\files\ahmed\college\graduation project\june_work\emap4\visual_studio_work_space\emap_clean_real_8_hex_col_nos\emap4_clean_complex\source.cpp(4522): warning C4996: 'fopen': This function or variable may be unsafe. Consider using fopen_s instead. To disable deprecation, use _CRT_SECURE_NO_WARNINGS. See online help for details.
                 c:\program files (x86)\microsoft visual studio 10.0\vc\include\stdio.h(234) : see declaration of 'fopen'
     1>e:\files\ahmed\college\graduation project\june_work\emap4\visual_studio_work_space\emap_clean_real_8_hex_col_nos\emap4_clean_complex\source.cpp(4551): warning C4996: 'sscanf': This function or variable may be unsafe. Consider using sscanf_s instead. To disable deprecation, use _CRT_SECURE_NO_WARNINGS. See online help for details.
                 c:\program files (x86)\microsoft visual studio 10.0\vc\include\stdio.h(325) : see declaration of 'sscanf'
       ManifestResourceCompile:
         All outputs are up-to-date.
       Link:
         C:\Program Files (x86)\Microsoft Visual Studio 10.0\VC\bin\link.exe /ERRORREPORT:PROMPT /OUT:"E:\files\ahmed\College\Graduation Project\June_Work\Emap4\Visual_studio_work_space\Emap_clean_Real_8_hex_col_nos\Emap4_clean_complex\Debug\Emap4_clean_complex.exe" /INCREMENTAL /NOLOGO kernel32.lib user32.lib gdi32.lib winspool.lib comdlg32.lib advapi32.lib shell32.lib ole32.lib oleaut32.lib uuid.lib odbc32.lib odbccp32.lib /MANIFEST /ManifestFile:"Debug\Emap4_clean_complex.exe.intermediate.manifest" /MANIFESTUAC:"level='asInvoker' uiAccess='false'" /DEBUG /PDB:"E:\files\ahmed\College\Graduation Project\June_Work\Emap4\Visual_studio_work_space\Emap_clean_Real_8_hex_col_nos\Emap4_clean_complex\Debug\Emap4_clean_complex.pdb" /SUBSYSTEM:CONSOLE /TLBID:1 /DYNAMICBASE /NXCOMPAT /IMPLIB:"E:\files\ahmed\College\Graduation Project\June_Work\Emap4\Visual_studio_work_space\Emap_clean_Real_8_hex_col_nos\Emap4_clean_complex\Debug\Emap4_clean_complex.lib" /MACHINE:X86 Debug\Emap4_clean_complex.exe.embed.manifest.res
         Debug\Source.obj
       Manifest:
         C:\Program Files (x86)\Microsoft SDKs\Windows\v7.0A\bin\mt.exe /nologo /verbose /out:"Debug\Emap4_clean_complex.exe.embed.manifest" /manifest Debug\Emap4_clean_complex.exe.intermediate.manifest
         All outputs are up-to-date.
       LinkEmbedManifest:
         All outputs are up-to-date.
         Emap4_clean_complex.vcxproj -> E:\files\ahmed\College\Graduation Project\June_Work\Emap4\Visual_studio_work_space\Emap_clean_Real_8_hex_col_nos\Emap4_clean_complex\Debug\Emap4_clean_complex.exe
       FinalizeBuildStatus:
         Deleting file "Debug\Emap4_clean_complex.unsuccessfulbuild".
         Touching "Debug\Emap4_clean_complex.lastbuildstate".
     1>Done Building Project "E:\files\ahmed\College\Graduation Project\June_Work\Emap4\Visual_studio_work_space\Emap_clean_Real_8_hex_col_nos\Emap4_clean_complex\Emap4_clean_complex.vcxproj" (build target(s)).

Build succeeded.

Time Elapsed 00:00:00.63
