Build started 22/06/2016 02:17:46 ص.
     1>Project "E:\files\ahmed\College\Graduation Project\June_Work\Emap4\Visual_studio_work_space\Emap4_clean_complex\Emap4_clean_complex.vcxproj" on node 2 (build target(s)).
     1>InitializeBuildStatus:
         Creating "Debug\Emap4_clean_complex.unsuccessfulbuild" because "AlwaysCreate" was specified.
       ClCompile:
         C:\Program Files (x86)\Microsoft Visual Studio 10.0\VC\bin\CL.exe /c /ZI /nologo /W3 /WX- /Od /Oy- /D WIN32 /D _DEBUG /D _CONSOLE /D _UNICODE /D UNICODE /Gm /EHsc /RTC1 /MDd /GS /fp:precise /Zc:wchar_t /Zc:forScope /Fo"Debug\\" /Fd"Debug\vc100.pdb" /Gd /TP /analyze- /errorReport:prompt Source.cpp
         Source.cpp
     1>e:\files\ahmed\college\graduation project\june_work\emap4\visual_studio_work_space\emap4_clean_complex\source.cpp(536): warning C4101: 'test_i' : unreferenced local variable
     1>e:\files\ahmed\college\graduation project\june_work\emap4\visual_studio_work_space\emap4_clean_complex\source.cpp(536): warning C4101: 'test_j' : unreferenced local variable
     1>e:\files\ahmed\college\graduation project\june_work\emap4\visual_studio_work_space\emap4_clean_complex\source.cpp(562): warning C4996: 'getche': The POSIX name for this item is deprecated. Instead, use the ISO C++ conformant name: _getche. See online help for details.
                 c:\program files (x86)\microsoft visual studio 10.0\vc\include\conio.h(129) : see declaration of 'getche'
     1>e:\files\ahmed\college\graduation project\june_work\emap4\visual_studio_work_space\emap4_clean_complex\source.cpp(568): warning C4996: 'strcpy': This function or variable may be unsafe. Consider using strcpy_s instead. To disable deprecation, use _CRT_SECURE_NO_WARNINGS. See online help for details.
                 c:\program files (x86)\microsoft visual studio 10.0\vc\include\string.h(105) : see declaration of 'strcpy'
     1>e:\files\ahmed\college\graduation project\june_work\emap4\visual_studio_work_space\emap4_clean_complex\source.cpp(571): warning C4996: 'strcpy': This function or variable may be unsafe. Consider using strcpy_s instead. To disable deprecation, use _CRT_SECURE_NO_WARNINGS. See online help for details.
                 c:\program files (x86)\microsoft visual studio 10.0\vc\include\string.h(105) : see declaration of 'strcpy'
     1>e:\files\ahmed\college\graduation project\june_work\emap4\visual_studio_work_space\emap4_clean_complex\source.cpp(575): warning C4996: 'fopen': This function or variable may be unsafe. Consider using fopen_s instead. To disable deprecation, use _CRT_SECURE_NO_WARNINGS. See online help for details.
                 c:\program files (x86)\microsoft visual studio 10.0\vc\include\stdio.h(234) : see declaration of 'fopen'
     1>e:\files\ahmed\college\graduation project\june_work\emap4\visual_studio_work_space\emap4_clean_complex\source.cpp(579): warning C4996: 'getche': The POSIX name for this item is deprecated. Instead, use the ISO C++ conformant name: _getche. See online help for details.
                 c:\program files (x86)\microsoft visual studio 10.0\vc\include\conio.h(129) : see declaration of 'getche'
     1>e:\files\ahmed\college\graduation project\june_work\emap4\visual_studio_work_space\emap4_clean_complex\source.cpp(695): warning C4244: '=' : conversion from 'float' to 'int', possible loss of data
     1>e:\files\ahmed\college\graduation project\june_work\emap4\visual_studio_work_space\emap4_clean_complex\source.cpp(742): warning C4305: 'argument' : truncation from 'double' to 'float'
     1>e:\files\ahmed\college\graduation project\june_work\emap4\visual_studio_work_space\emap4_clean_complex\source.cpp(753): warning C4305: '=' : truncation from 'double' to 'float'
     1>e:\files\ahmed\college\graduation project\june_work\emap4\visual_studio_work_space\emap4_clean_complex\source.cpp(754): warning C4305: '=' : truncation from 'double' to 'float'
     1>e:\files\ahmed\college\graduation project\june_work\emap4\visual_studio_work_space\emap4_clean_complex\source.cpp(755): warning C4244: '=' : conversion from 'double' to 'float', possible loss of data
     1>e:\files\ahmed\college\graduation project\june_work\emap4\visual_studio_work_space\emap4_clean_complex\source.cpp(756): warning C4244: '=' : conversion from 'double' to 'float', possible loss of data
     1>e:\files\ahmed\college\graduation project\june_work\emap4\visual_studio_work_space\emap4_clean_complex\source.cpp(757): warning C4244: '=' : conversion from 'double' to 'float', possible loss of data
     1>e:\files\ahmed\college\graduation project\june_work\emap4\visual_studio_work_space\emap4_clean_complex\source.cpp(771): warning C4305: '=' : truncation from 'double' to 'float'
     1>e:\files\ahmed\college\graduation project\june_work\emap4\visual_studio_work_space\emap4_clean_complex\source.cpp(772): warning C4305: '=' : truncation from 'double' to 'float'
     1>e:\files\ahmed\college\graduation project\june_work\emap4\visual_studio_work_space\emap4_clean_complex\source.cpp(773): warning C4244: '=' : conversion from 'double' to 'float', possible loss of data
     1>e:\files\ahmed\college\graduation project\june_work\emap4\visual_studio_work_space\emap4_clean_complex\source.cpp(774): warning C4244: '=' : conversion from 'double' to 'float', possible loss of data
     1>e:\files\ahmed\college\graduation project\june_work\emap4\visual_studio_work_space\emap4_clean_complex\source.cpp(775): warning C4244: '=' : conversion from 'double' to 'float', possible loss of data
     1>e:\files\ahmed\college\graduation project\june_work\emap4\visual_studio_work_space\emap4_clean_complex\source.cpp(1170): warning C4244: '=' : conversion from 'double' to 'float', possible loss of data
     1>e:\files\ahmed\college\graduation project\june_work\emap4\visual_studio_work_space\emap4_clean_complex\source.cpp(1246): warning C4244: '=' : conversion from 'double' to 'float', possible loss of data
     1>e:\files\ahmed\college\graduation project\june_work\emap4\visual_studio_work_space\emap4_clean_complex\source.cpp(1278): warning C4244: '=' : conversion from 'double' to 'float', possible loss of data
     1>e:\files\ahmed\college\graduation project\june_work\emap4\visual_studio_work_space\emap4_clean_complex\source.cpp(1326): warning C4244: '=' : conversion from 'double' to 'float', possible loss of data
     1>e:\files\ahmed\college\graduation project\june_work\emap4\visual_studio_work_space\emap4_clean_complex\source.cpp(1499): warning C4101: 'II' : unreferenced local variable
     1>e:\files\ahmed\college\graduation project\june_work\emap4\visual_studio_work_space\emap4_clean_complex\source.cpp(1499): warning C4101: 'JJ' : unreferenced local variable
     1>e:\files\ahmed\college\graduation project\june_work\emap4\visual_studio_work_space\emap4_clean_complex\source.cpp(1670): warning C4996: 'fopen': This function or variable may be unsafe. Consider using fopen_s instead. To disable deprecation, use _CRT_SECURE_NO_WARNINGS. See online help for details.
                 c:\program files (x86)\microsoft visual studio 10.0\vc\include\stdio.h(234) : see declaration of 'fopen'
     1>e:\files\ahmed\college\graduation project\june_work\emap4\visual_studio_work_space\emap4_clean_complex\source.cpp(1671): warning C4996: 'fopen': This function or variable may be unsafe. Consider using fopen_s instead. To disable deprecation, use _CRT_SECURE_NO_WARNINGS. See online help for details.
                 c:\program files (x86)\microsoft visual studio 10.0\vc\include\stdio.h(234) : see declaration of 'fopen'
     1>e:\files\ahmed\college\graduation project\june_work\emap4\visual_studio_work_space\emap4_clean_complex\source.cpp(1672): warning C4996: 'fopen': This function or variable may be unsafe. Consider using fopen_s instead. To disable deprecation, use _CRT_SECURE_NO_WARNINGS. See online help for details.
                 c:\program files (x86)\microsoft visual studio 10.0\vc\include\stdio.h(234) : see declaration of 'fopen'
     1>e:\files\ahmed\college\graduation project\june_work\emap4\visual_studio_work_space\emap4_clean_complex\source.cpp(1673): warning C4996: 'fopen': This function or variable may be unsafe. Consider using fopen_s instead. To disable deprecation, use _CRT_SECURE_NO_WARNINGS. See online help for details.
                 c:\program files (x86)\microsoft visual studio 10.0\vc\include\stdio.h(234) : see declaration of 'fopen'
     1>e:\files\ahmed\college\graduation project\june_work\emap4\visual_studio_work_space\emap4_clean_complex\source.cpp(1674): warning C4996: 'fopen': This function or variable may be unsafe. Consider using fopen_s instead. To disable deprecation, use _CRT_SECURE_NO_WARNINGS. See online help for details.
                 c:\program files (x86)\microsoft visual studio 10.0\vc\include\stdio.h(234) : see declaration of 'fopen'
     1>e:\files\ahmed\college\graduation project\june_work\emap4\visual_studio_work_space\emap4_clean_complex\source.cpp(1675): warning C4996: 'fopen': This function or variable may be unsafe. Consider using fopen_s instead. To disable deprecation, use _CRT_SECURE_NO_WARNINGS. See online help for details.
                 c:\program files (x86)\microsoft visual studio 10.0\vc\include\stdio.h(234) : see declaration of 'fopen'
     1>e:\files\ahmed\college\graduation project\june_work\emap4\visual_studio_work_space\emap4_clean_complex\source.cpp(1676): warning C4996: 'fopen': This function or variable may be unsafe. Consider using fopen_s instead. To disable deprecation, use _CRT_SECURE_NO_WARNINGS. See online help for details.
                 c:\program files (x86)\microsoft visual studio 10.0\vc\include\stdio.h(234) : see declaration of 'fopen'
     1>e:\files\ahmed\college\graduation project\june_work\emap4\visual_studio_work_space\emap4_clean_complex\source.cpp(1749): warning C4244: 'initializing' : conversion from 'double' to 'float', possible loss of data
     1>e:\files\ahmed\college\graduation project\june_work\emap4\visual_studio_work_space\emap4_clean_complex\source.cpp(1759): warning C4244: 'initializing' : conversion from 'double' to 'float', possible loss of data
     1>e:\files\ahmed\college\graduation project\june_work\emap4\visual_studio_work_space\emap4_clean_complex\source.cpp(1999): warning C4996: 'sscanf': This function or variable may be unsafe. Consider using sscanf_s instead. To disable deprecation, use _CRT_SECURE_NO_WARNINGS. See online help for details.
                 c:\program files (x86)\microsoft visual studio 10.0\vc\include\stdio.h(325) : see declaration of 'sscanf'
     1>e:\files\ahmed\college\graduation project\june_work\emap4\visual_studio_work_space\emap4_clean_complex\source.cpp(2000): warning C4244: '=' : conversion from 'double' to 'float', possible loss of data
     1>e:\files\ahmed\college\graduation project\june_work\emap4\visual_studio_work_space\emap4_clean_complex\source.cpp(2006): warning C4996: 'sscanf': This function or variable may be unsafe. Consider using sscanf_s instead. To disable deprecation, use _CRT_SECURE_NO_WARNINGS. See online help for details.
                 c:\program files (x86)\microsoft visual studio 10.0\vc\include\stdio.h(325) : see declaration of 'sscanf'
     1>e:\files\ahmed\college\graduation project\june_work\emap4\visual_studio_work_space\emap4_clean_complex\source.cpp(2007): warning C4996: 'fopen': This function or variable may be unsafe. Consider using fopen_s instead. To disable deprecation, use _CRT_SECURE_NO_WARNINGS. See online help for details.
                 c:\program files (x86)\microsoft visual studio 10.0\vc\include\stdio.h(234) : see declaration of 'fopen'
     1>e:\files\ahmed\college\graduation project\june_work\emap4\visual_studio_work_space\emap4_clean_complex\source.cpp(2025): warning C4996: 'sscanf': This function or variable may be unsafe. Consider using sscanf_s instead. To disable deprecation, use _CRT_SECURE_NO_WARNINGS. See online help for details.
                 c:\program files (x86)\microsoft visual studio 10.0\vc\include\stdio.h(325) : see declaration of 'sscanf'
     1>e:\files\ahmed\college\graduation project\june_work\emap4\visual_studio_work_space\emap4_clean_complex\source.cpp(2149): warning C4244: '=' : conversion from 'double' to 'float', possible loss of data
     1>e:\files\ahmed\college\graduation project\june_work\emap4\visual_studio_work_space\emap4_clean_complex\source.cpp(2176): warning C4244: '=' : conversion from 'double' to 'float', possible loss of data
     1>e:\files\ahmed\college\graduation project\june_work\emap4\visual_studio_work_space\emap4_clean_complex\source.cpp(2197): warning C4244: '=' : conversion from 'double' to 'float', possible loss of data
     1>e:\files\ahmed\college\graduation project\june_work\emap4\visual_studio_work_space\emap4_clean_complex\source.cpp(2223): warning C4244: '=' : conversion from 'double' to 'float', possible loss of data
     1>e:\files\ahmed\college\graduation project\june_work\emap4\visual_studio_work_space\emap4_clean_complex\source.cpp(2231): warning C4996: 'strcpy': This function or variable may be unsafe. Consider using strcpy_s instead. To disable deprecation, use _CRT_SECURE_NO_WARNINGS. See online help for details.
                 c:\program files (x86)\microsoft visual studio 10.0\vc\include\string.h(105) : see declaration of 'strcpy'
     1>e:\files\ahmed\college\graduation project\june_work\emap4\visual_studio_work_space\emap4_clean_complex\source.cpp(2232): warning C4996: 'fopen': This function or variable may be unsafe. Consider using fopen_s instead. To disable deprecation, use _CRT_SECURE_NO_WARNINGS. See online help for details.
                 c:\program files (x86)\microsoft visual studio 10.0\vc\include\stdio.h(234) : see declaration of 'fopen'
     1>e:\files\ahmed\college\graduation project\june_work\emap4\visual_studio_work_space\emap4_clean_complex\source.cpp(2235): warning C4996: 'strcpy': This function or variable may be unsafe. Consider using strcpy_s instead. To disable deprecation, use _CRT_SECURE_NO_WARNINGS. See online help for details.
                 c:\program files (x86)\microsoft visual studio 10.0\vc\include\string.h(105) : see declaration of 'strcpy'
     1>e:\files\ahmed\college\graduation project\june_work\emap4\visual_studio_work_space\emap4_clean_complex\source.cpp(2236): warning C4996: 'fopen': This function or variable may be unsafe. Consider using fopen_s instead. To disable deprecation, use _CRT_SECURE_NO_WARNINGS. See online help for details.
                 c:\program files (x86)\microsoft visual studio 10.0\vc\include\stdio.h(234) : see declaration of 'fopen'
     1>e:\files\ahmed\college\graduation project\june_work\emap4\visual_studio_work_space\emap4_clean_complex\source.cpp(2242): warning C4996: 'strcpy': This function or variable may be unsafe. Consider using strcpy_s instead. To disable deprecation, use _CRT_SECURE_NO_WARNINGS. See online help for details.
                 c:\program files (x86)\microsoft visual studio 10.0\vc\include\string.h(105) : see declaration of 'strcpy'
     1>e:\files\ahmed\college\graduation project\june_work\emap4\visual_studio_work_space\emap4_clean_complex\source.cpp(2243): warning C4996: 'fopen': This function or variable may be unsafe. Consider using fopen_s instead. To disable deprecation, use _CRT_SECURE_NO_WARNINGS. See online help for details.
                 c:\program files (x86)\microsoft visual studio 10.0\vc\include\stdio.h(234) : see declaration of 'fopen'
     1>e:\files\ahmed\college\graduation project\june_work\emap4\visual_studio_work_space\emap4_clean_complex\source.cpp(2284): warning C4305: '=' : truncation from 'double' to 'float'
     1>e:\files\ahmed\college\graduation project\june_work\emap4\visual_studio_work_space\emap4_clean_complex\source.cpp(2288): warning C4305: '=' : truncation from 'double' to 'float'
     1>e:\files\ahmed\college\graduation project\june_work\emap4\visual_studio_work_space\emap4_clean_complex\source.cpp(2292): warning C4305: '=' : truncation from 'double' to 'float'
     1>e:\files\ahmed\college\graduation project\june_work\emap4\visual_studio_work_space\emap4_clean_complex\source.cpp(2313): warning C4996: 'sscanf': This function or variable may be unsafe. Consider using sscanf_s instead. To disable deprecation, use _CRT_SECURE_NO_WARNINGS. See online help for details.
                 c:\program files (x86)\microsoft visual studio 10.0\vc\include\stdio.h(325) : see declaration of 'sscanf'
     1>e:\files\ahmed\college\graduation project\june_work\emap4\visual_studio_work_space\emap4_clean_complex\source.cpp(2318): warning C4305: '=' : truncation from 'double' to 'float'
     1>e:\files\ahmed\college\graduation project\june_work\emap4\visual_studio_work_space\emap4_clean_complex\source.cpp(2322): warning C4305: '=' : truncation from 'double' to 'float'
     1>e:\files\ahmed\college\graduation project\june_work\emap4\visual_studio_work_space\emap4_clean_complex\source.cpp(2324): warning C4305: '=' : truncation from 'double' to 'float'
     1>e:\files\ahmed\college\graduation project\june_work\emap4\visual_studio_work_space\emap4_clean_complex\source.cpp(2336): warning C4305: '=' : truncation from 'double' to 'float'
     1>e:\files\ahmed\college\graduation project\june_work\emap4\visual_studio_work_space\emap4_clean_complex\source.cpp(2340): warning C4305: '=' : truncation from 'double' to 'float'
     1>e:\files\ahmed\college\graduation project\june_work\emap4\visual_studio_work_space\emap4_clean_complex\source.cpp(2342): warning C4305: '=' : truncation from 'double' to 'float'
     1>e:\files\ahmed\college\graduation project\june_work\emap4\visual_studio_work_space\emap4_clean_complex\source.cpp(2354): warning C4305: '=' : truncation from 'double' to 'float'
     1>e:\files\ahmed\college\graduation project\june_work\emap4\visual_studio_work_space\emap4_clean_complex\source.cpp(2358): warning C4305: '=' : truncation from 'double' to 'float'
     1>e:\files\ahmed\college\graduation project\june_work\emap4\visual_studio_work_space\emap4_clean_complex\source.cpp(2360): warning C4305: '=' : truncation from 'double' to 'float'
     1>e:\files\ahmed\college\graduation project\june_work\emap4\visual_studio_work_space\emap4_clean_complex\source.cpp(2372): warning C4996: 'sscanf': This function or variable may be unsafe. Consider using sscanf_s instead. To disable deprecation, use _CRT_SECURE_NO_WARNINGS. See online help for details.
                 c:\program files (x86)\microsoft visual studio 10.0\vc\include\stdio.h(325) : see declaration of 'sscanf'
     1>e:\files\ahmed\college\graduation project\june_work\emap4\visual_studio_work_space\emap4_clean_complex\source.cpp(2553): warning C4996: 'sscanf': This function or variable may be unsafe. Consider using sscanf_s instead. To disable deprecation, use _CRT_SECURE_NO_WARNINGS. See online help for details.
                 c:\program files (x86)\microsoft visual studio 10.0\vc\include\stdio.h(325) : see declaration of 'sscanf'
     1>e:\files\ahmed\college\graduation project\june_work\emap4\visual_studio_work_space\emap4_clean_complex\source.cpp(2577): warning C4244: '=' : conversion from 'double' to 'float', possible loss of data
     1>e:\files\ahmed\college\graduation project\june_work\emap4\visual_studio_work_space\emap4_clean_complex\source.cpp(2578): warning C4244: '=' : conversion from 'double' to 'float', possible loss of data
     1>e:\files\ahmed\college\graduation project\june_work\emap4\visual_studio_work_space\emap4_clean_complex\source.cpp(2591): warning C4244: 'argument' : conversion from 'double' to 'float', possible loss of data
     1>e:\files\ahmed\college\graduation project\june_work\emap4\visual_studio_work_space\emap4_clean_complex\source.cpp(2591): warning C4244: 'argument' : conversion from 'double' to 'float', possible loss of data
     1>e:\files\ahmed\college\graduation project\june_work\emap4\visual_studio_work_space\emap4_clean_complex\source.cpp(2972): warning C4244: 'argument' : conversion from 'double' to 'float', possible loss of data
     1>e:\files\ahmed\college\graduation project\june_work\emap4\visual_studio_work_space\emap4_clean_complex\source.cpp(2976): warning C4244: 'argument' : conversion from 'double' to 'float', possible loss of data
     1>e:\files\ahmed\college\graduation project\june_work\emap4\visual_studio_work_space\emap4_clean_complex\source.cpp(2980): warning C4244: 'argument' : conversion from 'double' to 'float', possible loss of data
     1>e:\files\ahmed\college\graduation project\june_work\emap4\visual_studio_work_space\emap4_clean_complex\source.cpp(2984): warning C4244: 'argument' : conversion from 'double' to 'float', possible loss of data
     1>e:\files\ahmed\college\graduation project\june_work\emap4\visual_studio_work_space\emap4_clean_complex\source.cpp(2993): warning C4244: 'argument' : conversion from 'double' to 'float', possible loss of data
     1>e:\files\ahmed\college\graduation project\june_work\emap4\visual_studio_work_space\emap4_clean_complex\source.cpp(2997): warning C4244: 'argument' : conversion from 'double' to 'float', possible loss of data
     1>e:\files\ahmed\college\graduation project\june_work\emap4\visual_studio_work_space\emap4_clean_complex\source.cpp(3001): warning C4244: 'argument' : conversion from 'double' to 'float', possible loss of data
     1>e:\files\ahmed\college\graduation project\june_work\emap4\visual_studio_work_space\emap4_clean_complex\source.cpp(3005): warning C4244: 'argument' : conversion from 'double' to 'float', possible loss of data
     1>e:\files\ahmed\college\graduation project\june_work\emap4\visual_studio_work_space\emap4_clean_complex\source.cpp(3014): warning C4244: 'argument' : conversion from 'double' to 'float', possible loss of data
     1>e:\files\ahmed\college\graduation project\june_work\emap4\visual_studio_work_space\emap4_clean_complex\source.cpp(3018): warning C4244: 'argument' : conversion from 'double' to 'float', possible loss of data
     1>e:\files\ahmed\college\graduation project\june_work\emap4\visual_studio_work_space\emap4_clean_complex\source.cpp(3022): warning C4244: 'argument' : conversion from 'double' to 'float', possible loss of data
     1>e:\files\ahmed\college\graduation project\june_work\emap4\visual_studio_work_space\emap4_clean_complex\source.cpp(3026): warning C4244: 'argument' : conversion from 'double' to 'float', possible loss of data
     1>e:\files\ahmed\college\graduation project\june_work\emap4\visual_studio_work_space\emap4_clean_complex\source.cpp(3056): warning C4244: 'argument' : conversion from 'double' to 'float', possible loss of data
     1>e:\files\ahmed\college\graduation project\june_work\emap4\visual_studio_work_space\emap4_clean_complex\source.cpp(3057): warning C4244: 'argument' : conversion from 'double' to 'float', possible loss of data
     1>e:\files\ahmed\college\graduation project\june_work\emap4\visual_studio_work_space\emap4_clean_complex\source.cpp(3063): warning C4244: 'argument' : conversion from 'double' to 'float', possible loss of data
     1>e:\files\ahmed\college\graduation project\june_work\emap4\visual_studio_work_space\emap4_clean_complex\source.cpp(3064): warning C4244: 'argument' : conversion from 'double' to 'float', possible loss of data
     1>e:\files\ahmed\college\graduation project\june_work\emap4\visual_studio_work_space\emap4_clean_complex\source.cpp(3070): warning C4244: 'argument' : conversion from 'double' to 'float', possible loss of data
     1>e:\files\ahmed\college\graduation project\june_work\emap4\visual_studio_work_space\emap4_clean_complex\source.cpp(3071): warning C4244: 'argument' : conversion from 'double' to 'float', possible loss of data
     1>e:\files\ahmed\college\graduation project\june_work\emap4\visual_studio_work_space\emap4_clean_complex\source.cpp(3077): warning C4244: 'argument' : conversion from 'double' to 'float', possible loss of data
     1>e:\files\ahmed\college\graduation project\june_work\emap4\visual_studio_work_space\emap4_clean_complex\source.cpp(3078): warning C4244: 'argument' : conversion from 'double' to 'float', possible loss of data
     1>e:\files\ahmed\college\graduation project\june_work\emap4\visual_studio_work_space\emap4_clean_complex\source.cpp(3090): warning C4244: 'argument' : conversion from 'double' to 'float', possible loss of data
     1>e:\files\ahmed\college\graduation project\june_work\emap4\visual_studio_work_space\emap4_clean_complex\source.cpp(3091): warning C4244: 'argument' : conversion from 'double' to 'float', possible loss of data
     1>e:\files\ahmed\college\graduation project\june_work\emap4\visual_studio_work_space\emap4_clean_complex\source.cpp(3097): warning C4244: 'argument' : conversion from 'double' to 'float', possible loss of data
     1>e:\files\ahmed\college\graduation project\june_work\emap4\visual_studio_work_space\emap4_clean_complex\source.cpp(3098): warning C4244: 'argument' : conversion from 'double' to 'float', possible loss of data
     1>e:\files\ahmed\college\graduation project\june_work\emap4\visual_studio_work_space\emap4_clean_complex\source.cpp(3104): warning C4244: 'argument' : conversion from 'double' to 'float', possible loss of data
     1>e:\files\ahmed\college\graduation project\june_work\emap4\visual_studio_work_space\emap4_clean_complex\source.cpp(3105): warning C4244: 'argument' : conversion from 'double' to 'float', possible loss of data
     1>e:\files\ahmed\college\graduation project\june_work\emap4\visual_studio_work_space\emap4_clean_complex\source.cpp(3111): warning C4244: 'argument' : conversion from 'double' to 'float', possible loss of data
     1>e:\files\ahmed\college\graduation project\june_work\emap4\visual_studio_work_space\emap4_clean_complex\source.cpp(3112): warning C4244: 'argument' : conversion from 'double' to 'float', possible loss of data
     1>e:\files\ahmed\college\graduation project\june_work\emap4\visual_studio_work_space\emap4_clean_complex\source.cpp(3124): warning C4244: 'argument' : conversion from 'double' to 'float', possible loss of data
     1>e:\files\ahmed\college\graduation project\june_work\emap4\visual_studio_work_space\emap4_clean_complex\source.cpp(3125): warning C4244: 'argument' : conversion from 'double' to 'float', possible loss of data
     1>e:\files\ahmed\college\graduation project\june_work\emap4\visual_studio_work_space\emap4_clean_complex\source.cpp(3131): warning C4244: 'argument' : conversion from 'double' to 'float', possible loss of data
     1>e:\files\ahmed\college\graduation project\june_work\emap4\visual_studio_work_space\emap4_clean_complex\source.cpp(3132): warning C4244: 'argument' : conversion from 'double' to 'float', possible loss of data
     1>e:\files\ahmed\college\graduation project\june_work\emap4\visual_studio_work_space\emap4_clean_complex\source.cpp(3138): warning C4244: 'argument' : conversion from 'double' to 'float', possible loss of data
     1>e:\files\ahmed\college\graduation project\june_work\emap4\visual_studio_work_space\emap4_clean_complex\source.cpp(3139): warning C4244: 'argument' : conversion from 'double' to 'float', possible loss of data
     1>e:\files\ahmed\college\graduation project\june_work\emap4\visual_studio_work_space\emap4_clean_complex\source.cpp(3145): warning C4244: 'argument' : conversion from 'double' to 'float', possible loss of data
     1>e:\files\ahmed\college\graduation project\june_work\emap4\visual_studio_work_space\emap4_clean_complex\source.cpp(3146): warning C4244: 'argument' : conversion from 'double' to 'float', possible loss of data
     1>e:\files\ahmed\college\graduation project\june_work\emap4\visual_studio_work_space\emap4_clean_complex\source.cpp(3340): warning C4244: '=' : conversion from 'double' to 'float', possible loss of data
     1>e:\files\ahmed\college\graduation project\june_work\emap4\visual_studio_work_space\emap4_clean_complex\source.cpp(3341): warning C4244: '=' : conversion from 'double' to 'float', possible loss of data
     1>e:\files\ahmed\college\graduation project\june_work\emap4\visual_studio_work_space\emap4_clean_complex\source.cpp(3343): warning C4244: '=' : conversion from 'double' to 'float', possible loss of data
     1>e:\files\ahmed\college\graduation project\june_work\emap4\visual_studio_work_space\emap4_clean_complex\source.cpp(3344): warning C4244: '=' : conversion from 'double' to 'float', possible loss of data
     1>e:\files\ahmed\college\graduation project\june_work\emap4\visual_studio_work_space\emap4_clean_complex\source.cpp(3346): warning C4244: '=' : conversion from 'double' to 'float', possible loss of data
     1>e:\files\ahmed\college\graduation project\june_work\emap4\visual_studio_work_space\emap4_clean_complex\source.cpp(3347): warning C4244: '=' : conversion from 'double' to 'float', possible loss of data
     1>e:\files\ahmed\college\graduation project\june_work\emap4\visual_studio_work_space\emap4_clean_complex\source.cpp(3349): warning C4244: '=' : conversion from 'double' to 'float', possible loss of data
     1>e:\files\ahmed\college\graduation project\june_work\emap4\visual_studio_work_space\emap4_clean_complex\source.cpp(3350): warning C4244: '=' : conversion from 'double' to 'float', possible loss of data
     1>e:\files\ahmed\college\graduation project\june_work\emap4\visual_studio_work_space\emap4_clean_complex\source.cpp(3363): warning C4244: '=' : conversion from 'double' to 'float', possible loss of data
     1>e:\files\ahmed\college\graduation project\june_work\emap4\visual_studio_work_space\emap4_clean_complex\source.cpp(3364): warning C4244: '=' : conversion from 'double' to 'float', possible loss of data
     1>e:\files\ahmed\college\graduation project\june_work\emap4\visual_studio_work_space\emap4_clean_complex\source.cpp(3366): warning C4244: '=' : conversion from 'double' to 'float', possible loss of data
     1>e:\files\ahmed\college\graduation project\june_work\emap4\visual_studio_work_space\emap4_clean_complex\source.cpp(3367): warning C4244: '=' : conversion from 'double' to 'float', possible loss of data
     1>e:\files\ahmed\college\graduation project\june_work\emap4\visual_studio_work_space\emap4_clean_complex\source.cpp(3369): warning C4244: '=' : conversion from 'double' to 'float', possible loss of data
     1>e:\files\ahmed\college\graduation project\june_work\emap4\visual_studio_work_space\emap4_clean_complex\source.cpp(3370): warning C4244: '=' : conversion from 'double' to 'float', possible loss of data
     1>e:\files\ahmed\college\graduation project\june_work\emap4\visual_studio_work_space\emap4_clean_complex\source.cpp(3372): warning C4244: '=' : conversion from 'double' to 'float', possible loss of data
     1>e:\files\ahmed\college\graduation project\june_work\emap4\visual_studio_work_space\emap4_clean_complex\source.cpp(3373): warning C4244: '=' : conversion from 'double' to 'float', possible loss of data
     1>e:\files\ahmed\college\graduation project\june_work\emap4\visual_studio_work_space\emap4_clean_complex\source.cpp(3386): warning C4244: '=' : conversion from 'double' to 'float', possible loss of data
     1>e:\files\ahmed\college\graduation project\june_work\emap4\visual_studio_work_space\emap4_clean_complex\source.cpp(3387): warning C4244: '=' : conversion from 'double' to 'float', possible loss of data
     1>e:\files\ahmed\college\graduation project\june_work\emap4\visual_studio_work_space\emap4_clean_complex\source.cpp(3389): warning C4244: '=' : conversion from 'double' to 'float', possible loss of data
     1>e:\files\ahmed\college\graduation project\june_work\emap4\visual_studio_work_space\emap4_clean_complex\source.cpp(3390): warning C4244: '=' : conversion from 'double' to 'float', possible loss of data
     1>e:\files\ahmed\college\graduation project\june_work\emap4\visual_studio_work_space\emap4_clean_complex\source.cpp(3392): warning C4244: '=' : conversion from 'double' to 'float', possible loss of data
     1>e:\files\ahmed\college\graduation project\june_work\emap4\visual_studio_work_space\emap4_clean_complex\source.cpp(3393): warning C4244: '=' : conversion from 'double' to 'float', possible loss of data
     1>e:\files\ahmed\college\graduation project\june_work\emap4\visual_studio_work_space\emap4_clean_complex\source.cpp(3395): warning C4244: '=' : conversion from 'double' to 'float', possible loss of data
     1>e:\files\ahmed\college\graduation project\june_work\emap4\visual_studio_work_space\emap4_clean_complex\source.cpp(3396): warning C4244: '=' : conversion from 'double' to 'float', possible loss of data
     1>e:\files\ahmed\college\graduation project\june_work\emap4\visual_studio_work_space\emap4_clean_complex\source.cpp(3410): warning C4244: '=' : conversion from 'double' to 'float', possible loss of data
     1>e:\files\ahmed\college\graduation project\june_work\emap4\visual_studio_work_space\emap4_clean_complex\source.cpp(3411): warning C4244: '=' : conversion from 'double' to 'float', possible loss of data
     1>e:\files\ahmed\college\graduation project\june_work\emap4\visual_studio_work_space\emap4_clean_complex\source.cpp(3413): warning C4244: '=' : conversion from 'double' to 'float', possible loss of data
     1>e:\files\ahmed\college\graduation project\june_work\emap4\visual_studio_work_space\emap4_clean_complex\source.cpp(3414): warning C4244: '=' : conversion from 'double' to 'float', possible loss of data
     1>e:\files\ahmed\college\graduation project\june_work\emap4\visual_studio_work_space\emap4_clean_complex\source.cpp(3416): warning C4244: '=' : conversion from 'double' to 'float', possible loss of data
     1>e:\files\ahmed\college\graduation project\june_work\emap4\visual_studio_work_space\emap4_clean_complex\source.cpp(3417): warning C4244: '=' : conversion from 'double' to 'float', possible loss of data
     1>e:\files\ahmed\college\graduation project\june_work\emap4\visual_studio_work_space\emap4_clean_complex\source.cpp(3422): warning C4244: '=' : conversion from 'double' to 'float', possible loss of data
     1>e:\files\ahmed\college\graduation project\june_work\emap4\visual_studio_work_space\emap4_clean_complex\source.cpp(3423): warning C4244: '=' : conversion from 'double' to 'float', possible loss of data
     1>e:\files\ahmed\college\graduation project\june_work\emap4\visual_studio_work_space\emap4_clean_complex\source.cpp(3425): warning C4244: '=' : conversion from 'double' to 'float', possible loss of data
     1>e:\files\ahmed\college\graduation project\june_work\emap4\visual_studio_work_space\emap4_clean_complex\source.cpp(3426): warning C4244: '=' : conversion from 'double' to 'float', possible loss of data
     1>e:\files\ahmed\college\graduation project\june_work\emap4\visual_studio_work_space\emap4_clean_complex\source.cpp(3428): warning C4244: '=' : conversion from 'double' to 'float', possible loss of data
     1>e:\files\ahmed\college\graduation project\june_work\emap4\visual_studio_work_space\emap4_clean_complex\source.cpp(3429): warning C4244: '=' : conversion from 'double' to 'float', possible loss of data
     1>e:\files\ahmed\college\graduation project\june_work\emap4\visual_studio_work_space\emap4_clean_complex\source.cpp(3441): warning C4244: '=' : conversion from 'double' to 'float', possible loss of data
     1>e:\files\ahmed\college\graduation project\june_work\emap4\visual_studio_work_space\emap4_clean_complex\source.cpp(3442): warning C4244: '=' : conversion from 'double' to 'float', possible loss of data
     1>e:\files\ahmed\college\graduation project\june_work\emap4\visual_studio_work_space\emap4_clean_complex\source.cpp(3444): warning C4244: '=' : conversion from 'double' to 'float', possible loss of data
     1>e:\files\ahmed\college\graduation project\june_work\emap4\visual_studio_work_space\emap4_clean_complex\source.cpp(3445): warning C4244: '=' : conversion from 'double' to 'float', possible loss of data
     1>e:\files\ahmed\college\graduation project\june_work\emap4\visual_studio_work_space\emap4_clean_complex\source.cpp(3447): warning C4244: '=' : conversion from 'double' to 'float', possible loss of data
     1>e:\files\ahmed\college\graduation project\june_work\emap4\visual_studio_work_space\emap4_clean_complex\source.cpp(3448): warning C4244: '=' : conversion from 'double' to 'float', possible loss of data
     1>e:\files\ahmed\college\graduation project\june_work\emap4\visual_studio_work_space\emap4_clean_complex\source.cpp(3453): warning C4244: '=' : conversion from 'double' to 'float', possible loss of data
     1>e:\files\ahmed\college\graduation project\june_work\emap4\visual_studio_work_space\emap4_clean_complex\source.cpp(3454): warning C4244: '=' : conversion from 'double' to 'float', possible loss of data
     1>e:\files\ahmed\college\graduation project\june_work\emap4\visual_studio_work_space\emap4_clean_complex\source.cpp(3456): warning C4244: '=' : conversion from 'double' to 'float', possible loss of data
     1>e:\files\ahmed\college\graduation project\june_work\emap4\visual_studio_work_space\emap4_clean_complex\source.cpp(3457): warning C4244: '=' : conversion from 'double' to 'float', possible loss of data
     1>e:\files\ahmed\college\graduation project\june_work\emap4\visual_studio_work_space\emap4_clean_complex\source.cpp(3459): warning C4244: '=' : conversion from 'double' to 'float', possible loss of data
     1>e:\files\ahmed\college\graduation project\june_work\emap4\visual_studio_work_space\emap4_clean_complex\source.cpp(3460): warning C4244: '=' : conversion from 'double' to 'float', possible loss of data
     1>e:\files\ahmed\college\graduation project\june_work\emap4\visual_studio_work_space\emap4_clean_complex\source.cpp(3472): warning C4244: '=' : conversion from 'double' to 'float', possible loss of data
     1>e:\files\ahmed\college\graduation project\june_work\emap4\visual_studio_work_space\emap4_clean_complex\source.cpp(3473): warning C4244: '=' : conversion from 'double' to 'float', possible loss of data
     1>e:\files\ahmed\college\graduation project\june_work\emap4\visual_studio_work_space\emap4_clean_complex\source.cpp(3475): warning C4244: '=' : conversion from 'double' to 'float', possible loss of data
     1>e:\files\ahmed\college\graduation project\june_work\emap4\visual_studio_work_space\emap4_clean_complex\source.cpp(3476): warning C4244: '=' : conversion from 'double' to 'float', possible loss of data
     1>e:\files\ahmed\college\graduation project\june_work\emap4\visual_studio_work_space\emap4_clean_complex\source.cpp(3478): warning C4244: '=' : conversion from 'double' to 'float', possible loss of data
     1>e:\files\ahmed\college\graduation project\june_work\emap4\visual_studio_work_space\emap4_clean_complex\source.cpp(3479): warning C4244: '=' : conversion from 'double' to 'float', possible loss of data
     1>e:\files\ahmed\college\graduation project\june_work\emap4\visual_studio_work_space\emap4_clean_complex\source.cpp(3484): warning C4244: '=' : conversion from 'double' to 'float', possible loss of data
     1>e:\files\ahmed\college\graduation project\june_work\emap4\visual_studio_work_space\emap4_clean_complex\source.cpp(3485): warning C4244: '=' : conversion from 'double' to 'float', possible loss of data
     1>e:\files\ahmed\college\graduation project\june_work\emap4\visual_studio_work_space\emap4_clean_complex\source.cpp(3487): warning C4244: '=' : conversion from 'double' to 'float', possible loss of data
     1>e:\files\ahmed\college\graduation project\june_work\emap4\visual_studio_work_space\emap4_clean_complex\source.cpp(3488): warning C4244: '=' : conversion from 'double' to 'float', possible loss of data
     1>e:\files\ahmed\college\graduation project\june_work\emap4\visual_studio_work_space\emap4_clean_complex\source.cpp(3490): warning C4244: '=' : conversion from 'double' to 'float', possible loss of data
     1>e:\files\ahmed\college\graduation project\june_work\emap4\visual_studio_work_space\emap4_clean_complex\source.cpp(3491): warning C4244: '=' : conversion from 'double' to 'float', possible loss of data
     1>e:\files\ahmed\college\graduation project\june_work\emap4\visual_studio_work_space\emap4_clean_complex\source.cpp(3503): warning C4244: '=' : conversion from 'double' to 'float', possible loss of data
     1>e:\files\ahmed\college\graduation project\june_work\emap4\visual_studio_work_space\emap4_clean_complex\source.cpp(3504): warning C4244: '=' : conversion from 'double' to 'float', possible loss of data
     1>e:\files\ahmed\college\graduation project\june_work\emap4\visual_studio_work_space\emap4_clean_complex\source.cpp(3506): warning C4244: '=' : conversion from 'double' to 'float', possible loss of data
     1>e:\files\ahmed\college\graduation project\june_work\emap4\visual_studio_work_space\emap4_clean_complex\source.cpp(3507): warning C4244: '=' : conversion from 'double' to 'float', possible loss of data
     1>e:\files\ahmed\college\graduation project\june_work\emap4\visual_studio_work_space\emap4_clean_complex\source.cpp(3509): warning C4244: '=' : conversion from 'double' to 'float', possible loss of data
     1>e:\files\ahmed\college\graduation project\june_work\emap4\visual_studio_work_space\emap4_clean_complex\source.cpp(3510): warning C4244: '=' : conversion from 'double' to 'float', possible loss of data
     1>e:\files\ahmed\college\graduation project\june_work\emap4\visual_studio_work_space\emap4_clean_complex\source.cpp(3515): warning C4244: '=' : conversion from 'double' to 'float', possible loss of data
     1>e:\files\ahmed\college\graduation project\june_work\emap4\visual_studio_work_space\emap4_clean_complex\source.cpp(3516): warning C4244: '=' : conversion from 'double' to 'float', possible loss of data
     1>e:\files\ahmed\college\graduation project\june_work\emap4\visual_studio_work_space\emap4_clean_complex\source.cpp(3518): warning C4244: '=' : conversion from 'double' to 'float', possible loss of data
     1>e:\files\ahmed\college\graduation project\june_work\emap4\visual_studio_work_space\emap4_clean_complex\source.cpp(3519): warning C4244: '=' : conversion from 'double' to 'float', possible loss of data
     1>e:\files\ahmed\college\graduation project\june_work\emap4\visual_studio_work_space\emap4_clean_complex\source.cpp(3521): warning C4244: '=' : conversion from 'double' to 'float', possible loss of data
     1>e:\files\ahmed\college\graduation project\june_work\emap4\visual_studio_work_space\emap4_clean_complex\source.cpp(3522): warning C4244: '=' : conversion from 'double' to 'float', possible loss of data
     1>e:\files\ahmed\college\graduation project\june_work\emap4\visual_studio_work_space\emap4_clean_complex\source.cpp(3534): warning C4244: '=' : conversion from 'double' to 'float', possible loss of data
     1>e:\files\ahmed\college\graduation project\june_work\emap4\visual_studio_work_space\emap4_clean_complex\source.cpp(3535): warning C4244: '=' : conversion from 'double' to 'float', possible loss of data
     1>e:\files\ahmed\college\graduation project\june_work\emap4\visual_studio_work_space\emap4_clean_complex\source.cpp(3537): warning C4244: '=' : conversion from 'double' to 'float', possible loss of data
     1>e:\files\ahmed\college\graduation project\june_work\emap4\visual_studio_work_space\emap4_clean_complex\source.cpp(3538): warning C4244: '=' : conversion from 'double' to 'float', possible loss of data
     1>e:\files\ahmed\college\graduation project\june_work\emap4\visual_studio_work_space\emap4_clean_complex\source.cpp(3540): warning C4244: '=' : conversion from 'double' to 'float', possible loss of data
     1>e:\files\ahmed\college\graduation project\june_work\emap4\visual_studio_work_space\emap4_clean_complex\source.cpp(3541): warning C4244: '=' : conversion from 'double' to 'float', possible loss of data
     1>e:\files\ahmed\college\graduation project\june_work\emap4\visual_studio_work_space\emap4_clean_complex\source.cpp(3546): warning C4244: '=' : conversion from 'double' to 'float', possible loss of data
     1>e:\files\ahmed\college\graduation project\june_work\emap4\visual_studio_work_space\emap4_clean_complex\source.cpp(3547): warning C4244: '=' : conversion from 'double' to 'float', possible loss of data
     1>e:\files\ahmed\college\graduation project\june_work\emap4\visual_studio_work_space\emap4_clean_complex\source.cpp(3549): warning C4244: '=' : conversion from 'double' to 'float', possible loss of data
     1>e:\files\ahmed\college\graduation project\june_work\emap4\visual_studio_work_space\emap4_clean_complex\source.cpp(3550): warning C4244: '=' : conversion from 'double' to 'float', possible loss of data
     1>e:\files\ahmed\college\graduation project\june_work\emap4\visual_studio_work_space\emap4_clean_complex\source.cpp(3552): warning C4244: '=' : conversion from 'double' to 'float', possible loss of data
     1>e:\files\ahmed\college\graduation project\june_work\emap4\visual_studio_work_space\emap4_clean_complex\source.cpp(3553): warning C4244: '=' : conversion from 'double' to 'float', possible loss of data
     1>e:\files\ahmed\college\graduation project\june_work\emap4\visual_studio_work_space\emap4_clean_complex\source.cpp(3565): warning C4244: '=' : conversion from 'double' to 'float', possible loss of data
     1>e:\files\ahmed\college\graduation project\june_work\emap4\visual_studio_work_space\emap4_clean_complex\source.cpp(3566): warning C4244: '=' : conversion from 'double' to 'float', possible loss of data
     1>e:\files\ahmed\college\graduation project\june_work\emap4\visual_studio_work_space\emap4_clean_complex\source.cpp(3568): warning C4244: '=' : conversion from 'double' to 'float', possible loss of data
     1>e:\files\ahmed\college\graduation project\june_work\emap4\visual_studio_work_space\emap4_clean_complex\source.cpp(3569): warning C4244: '=' : conversion from 'double' to 'float', possible loss of data
     1>e:\files\ahmed\college\graduation project\june_work\emap4\visual_studio_work_space\emap4_clean_complex\source.cpp(3571): warning C4244: '=' : conversion from 'double' to 'float', possible loss of data
     1>e:\files\ahmed\college\graduation project\june_work\emap4\visual_studio_work_space\emap4_clean_complex\source.cpp(3572): warning C4244: '=' : conversion from 'double' to 'float', possible loss of data
     1>e:\files\ahmed\college\graduation project\june_work\emap4\visual_studio_work_space\emap4_clean_complex\source.cpp(3577): warning C4244: '=' : conversion from 'double' to 'float', possible loss of data
     1>e:\files\ahmed\college\graduation project\june_work\emap4\visual_studio_work_space\emap4_clean_complex\source.cpp(3578): warning C4244: '=' : conversion from 'double' to 'float', possible loss of data
     1>e:\files\ahmed\college\graduation project\june_work\emap4\visual_studio_work_space\emap4_clean_complex\source.cpp(3580): warning C4244: '=' : conversion from 'double' to 'float', possible loss of data
     1>e:\files\ahmed\college\graduation project\june_work\emap4\visual_studio_work_space\emap4_clean_complex\source.cpp(3581): warning C4244: '=' : conversion from 'double' to 'float', possible loss of data
     1>e:\files\ahmed\college\graduation project\june_work\emap4\visual_studio_work_space\emap4_clean_complex\source.cpp(3583): warning C4244: '=' : conversion from 'double' to 'float', possible loss of data
     1>e:\files\ahmed\college\graduation project\june_work\emap4\visual_studio_work_space\emap4_clean_complex\source.cpp(3584): warning C4244: '=' : conversion from 'double' to 'float', possible loss of data
     1>e:\files\ahmed\college\graduation project\june_work\emap4\visual_studio_work_space\emap4_clean_complex\source.cpp(3598): warning C4244: '=' : conversion from 'double' to 'float', possible loss of data
     1>e:\files\ahmed\college\graduation project\june_work\emap4\visual_studio_work_space\emap4_clean_complex\source.cpp(3599): warning C4244: '=' : conversion from 'double' to 'float', possible loss of data
     1>e:\files\ahmed\college\graduation project\june_work\emap4\visual_studio_work_space\emap4_clean_complex\source.cpp(3604): warning C4244: '=' : conversion from 'double' to 'float', possible loss of data
     1>e:\files\ahmed\college\graduation project\june_work\emap4\visual_studio_work_space\emap4_clean_complex\source.cpp(3605): warning C4244: '=' : conversion from 'double' to 'float', possible loss of data
     1>e:\files\ahmed\college\graduation project\june_work\emap4\visual_studio_work_space\emap4_clean_complex\source.cpp(3610): warning C4244: '=' : conversion from 'double' to 'float', possible loss of data
     1>e:\files\ahmed\college\graduation project\june_work\emap4\visual_studio_work_space\emap4_clean_complex\source.cpp(3611): warning C4244: '=' : conversion from 'double' to 'float', possible loss of data
     1>e:\files\ahmed\college\graduation project\june_work\emap4\visual_studio_work_space\emap4_clean_complex\source.cpp(3616): warning C4244: '=' : conversion from 'double' to 'float', possible loss of data
     1>e:\files\ahmed\college\graduation project\june_work\emap4\visual_studio_work_space\emap4_clean_complex\source.cpp(3617): warning C4244: '=' : conversion from 'double' to 'float', possible loss of data
     1>e:\files\ahmed\college\graduation project\june_work\emap4\visual_studio_work_space\emap4_clean_complex\source.cpp(3628): warning C4244: '=' : conversion from 'double' to 'float', possible loss of data
     1>e:\files\ahmed\college\graduation project\june_work\emap4\visual_studio_work_space\emap4_clean_complex\source.cpp(3629): warning C4244: '=' : conversion from 'double' to 'float', possible loss of data
     1>e:\files\ahmed\college\graduation project\june_work\emap4\visual_studio_work_space\emap4_clean_complex\source.cpp(3634): warning C4244: '=' : conversion from 'double' to 'float', possible loss of data
     1>e:\files\ahmed\college\graduation project\june_work\emap4\visual_studio_work_space\emap4_clean_complex\source.cpp(3635): warning C4244: '=' : conversion from 'double' to 'float', possible loss of data
     1>e:\files\ahmed\college\graduation project\june_work\emap4\visual_studio_work_space\emap4_clean_complex\source.cpp(3640): warning C4244: '=' : conversion from 'double' to 'float', possible loss of data
     1>e:\files\ahmed\college\graduation project\june_work\emap4\visual_studio_work_space\emap4_clean_complex\source.cpp(3641): warning C4244: '=' : conversion from 'double' to 'float', possible loss of data
     1>e:\files\ahmed\college\graduation project\june_work\emap4\visual_studio_work_space\emap4_clean_complex\source.cpp(3646): warning C4244: '=' : conversion from 'double' to 'float', possible loss of data
     1>e:\files\ahmed\college\graduation project\june_work\emap4\visual_studio_work_space\emap4_clean_complex\source.cpp(3647): warning C4244: '=' : conversion from 'double' to 'float', possible loss of data
     1>e:\files\ahmed\college\graduation project\june_work\emap4\visual_studio_work_space\emap4_clean_complex\source.cpp(3658): warning C4244: '=' : conversion from 'double' to 'float', possible loss of data
     1>e:\files\ahmed\college\graduation project\june_work\emap4\visual_studio_work_space\emap4_clean_complex\source.cpp(3659): warning C4244: '=' : conversion from 'double' to 'float', possible loss of data
     1>e:\files\ahmed\college\graduation project\june_work\emap4\visual_studio_work_space\emap4_clean_complex\source.cpp(3664): warning C4244: '=' : conversion from 'double' to 'float', possible loss of data
     1>e:\files\ahmed\college\graduation project\june_work\emap4\visual_studio_work_space\emap4_clean_complex\source.cpp(3665): warning C4244: '=' : conversion from 'double' to 'float', possible loss of data
     1>e:\files\ahmed\college\graduation project\june_work\emap4\visual_studio_work_space\emap4_clean_complex\source.cpp(3670): warning C4244: '=' : conversion from 'double' to 'float', possible loss of data
     1>e:\files\ahmed\college\graduation project\june_work\emap4\visual_studio_work_space\emap4_clean_complex\source.cpp(3671): warning C4244: '=' : conversion from 'double' to 'float', possible loss of data
     1>e:\files\ahmed\college\graduation project\june_work\emap4\visual_studio_work_space\emap4_clean_complex\source.cpp(3676): warning C4244: '=' : conversion from 'double' to 'float', possible loss of data
     1>e:\files\ahmed\college\graduation project\june_work\emap4\visual_studio_work_space\emap4_clean_complex\source.cpp(3677): warning C4244: '=' : conversion from 'double' to 'float', possible loss of data
     1>e:\files\ahmed\college\graduation project\june_work\emap4\visual_studio_work_space\emap4_clean_complex\source.cpp(3965): warning C4244: 'argument' : conversion from 'double' to 'float', possible loss of data
     1>e:\files\ahmed\college\graduation project\june_work\emap4\visual_studio_work_space\emap4_clean_complex\source.cpp(3965): warning C4244: 'argument' : conversion from 'double' to 'float', possible loss of data
     1>e:\files\ahmed\college\graduation project\june_work\emap4\visual_studio_work_space\emap4_clean_complex\source.cpp(3965): warning C4244: 'argument' : conversion from 'double' to 'float', possible loss of data
     1>e:\files\ahmed\college\graduation project\june_work\emap4\visual_studio_work_space\emap4_clean_complex\source.cpp(3970): warning C4244: 'argument' : conversion from 'double' to 'float', possible loss of data
     1>e:\files\ahmed\college\graduation project\june_work\emap4\visual_studio_work_space\emap4_clean_complex\source.cpp(3970): warning C4244: 'argument' : conversion from 'double' to 'float', possible loss of data
     1>e:\files\ahmed\college\graduation project\june_work\emap4\visual_studio_work_space\emap4_clean_complex\source.cpp(3970): warning C4244: 'argument' : conversion from 'double' to 'float', possible loss of data
     1>e:\files\ahmed\college\graduation project\june_work\emap4\visual_studio_work_space\emap4_clean_complex\source.cpp(3975): warning C4244: 'argument' : conversion from 'double' to 'float', possible loss of data
     1>e:\files\ahmed\college\graduation project\june_work\emap4\visual_studio_work_space\emap4_clean_complex\source.cpp(3975): warning C4244: 'argument' : conversion from 'double' to 'float', possible loss of data
     1>e:\files\ahmed\college\graduation project\june_work\emap4\visual_studio_work_space\emap4_clean_complex\source.cpp(3975): warning C4244: 'argument' : conversion from 'double' to 'float', possible loss of data
     1>e:\files\ahmed\college\graduation project\june_work\emap4\visual_studio_work_space\emap4_clean_complex\source.cpp(3980): warning C4244: 'argument' : conversion from 'double' to 'float', possible loss of data
     1>e:\files\ahmed\college\graduation project\june_work\emap4\visual_studio_work_space\emap4_clean_complex\source.cpp(3980): warning C4244: 'argument' : conversion from 'double' to 'float', possible loss of data
     1>e:\files\ahmed\college\graduation project\june_work\emap4\visual_studio_work_space\emap4_clean_complex\source.cpp(3980): warning C4244: 'argument' : conversion from 'double' to 'float', possible loss of data
     1>e:\files\ahmed\college\graduation project\june_work\emap4\visual_studio_work_space\emap4_clean_complex\source.cpp(3992): warning C4244: 'argument' : conversion from 'double' to 'float', possible loss of data
     1>e:\files\ahmed\college\graduation project\june_work\emap4\visual_studio_work_space\emap4_clean_complex\source.cpp(3992): warning C4244: 'argument' : conversion from 'double' to 'float', possible loss of data
     1>e:\files\ahmed\college\graduation project\june_work\emap4\visual_studio_work_space\emap4_clean_complex\source.cpp(3992): warning C4244: 'argument' : conversion from 'double' to 'float', possible loss of data
     1>e:\files\ahmed\college\graduation project\june_work\emap4\visual_studio_work_space\emap4_clean_complex\source.cpp(3997): warning C4244: 'argument' : conversion from 'double' to 'float', possible loss of data
     1>e:\files\ahmed\college\graduation project\june_work\emap4\visual_studio_work_space\emap4_clean_complex\source.cpp(3997): warning C4244: 'argument' : conversion from 'double' to 'float', possible loss of data
     1>e:\files\ahmed\college\graduation project\june_work\emap4\visual_studio_work_space\emap4_clean_complex\source.cpp(3997): warning C4244: 'argument' : conversion from 'double' to 'float', possible loss of data
     1>e:\files\ahmed\college\graduation project\june_work\emap4\visual_studio_work_space\emap4_clean_complex\source.cpp(4002): warning C4244: 'argument' : conversion from 'double' to 'float', possible loss of data
     1>e:\files\ahmed\college\graduation project\june_work\emap4\visual_studio_work_space\emap4_clean_complex\source.cpp(4002): warning C4244: 'argument' : conversion from 'double' to 'float', possible loss of data
     1>e:\files\ahmed\college\graduation project\june_work\emap4\visual_studio_work_space\emap4_clean_complex\source.cpp(4002): warning C4244: 'argument' : conversion from 'double' to 'float', possible loss of data
     1>e:\files\ahmed\college\graduation project\june_work\emap4\visual_studio_work_space\emap4_clean_complex\source.cpp(4007): warning C4244: 'argument' : conversion from 'double' to 'float', possible loss of data
     1>e:\files\ahmed\college\graduation project\june_work\emap4\visual_studio_work_space\emap4_clean_complex\source.cpp(4007): warning C4244: 'argument' : conversion from 'double' to 'float', possible loss of data
     1>e:\files\ahmed\college\graduation project\june_work\emap4\visual_studio_work_space\emap4_clean_complex\source.cpp(4007): warning C4244: 'argument' : conversion from 'double' to 'float', possible loss of data
     1>e:\files\ahmed\college\graduation project\june_work\emap4\visual_studio_work_space\emap4_clean_complex\source.cpp(4019): warning C4244: 'argument' : conversion from 'double' to 'float', possible loss of data
     1>e:\files\ahmed\college\graduation project\june_work\emap4\visual_studio_work_space\emap4_clean_complex\source.cpp(4019): warning C4244: 'argument' : conversion from 'double' to 'float', possible loss of data
     1>e:\files\ahmed\college\graduation project\june_work\emap4\visual_studio_work_space\emap4_clean_complex\source.cpp(4019): warning C4244: 'argument' : conversion from 'double' to 'float', possible loss of data
     1>e:\files\ahmed\college\graduation project\june_work\emap4\visual_studio_work_space\emap4_clean_complex\source.cpp(4024): warning C4244: 'argument' : conversion from 'double' to 'float', possible loss of data
     1>e:\files\ahmed\college\graduation project\june_work\emap4\visual_studio_work_space\emap4_clean_complex\source.cpp(4024): warning C4244: 'argument' : conversion from 'double' to 'float', possible loss of data
     1>e:\files\ahmed\college\graduation project\june_work\emap4\visual_studio_work_space\emap4_clean_complex\source.cpp(4024): warning C4244: 'argument' : conversion from 'double' to 'float', possible loss of data
     1>e:\files\ahmed\college\graduation project\june_work\emap4\visual_studio_work_space\emap4_clean_complex\source.cpp(4029): warning C4244: 'argument' : conversion from 'double' to 'float', possible loss of data
     1>e:\files\ahmed\college\graduation project\june_work\emap4\visual_studio_work_space\emap4_clean_complex\source.cpp(4029): warning C4244: 'argument' : conversion from 'double' to 'float', possible loss of data
     1>e:\files\ahmed\college\graduation project\june_work\emap4\visual_studio_work_space\emap4_clean_complex\source.cpp(4029): warning C4244: 'argument' : conversion from 'double' to 'float', possible loss of data
     1>e:\files\ahmed\college\graduation project\june_work\emap4\visual_studio_work_space\emap4_clean_complex\source.cpp(4034): warning C4244: 'argument' : conversion from 'double' to 'float', possible loss of data
     1>e:\files\ahmed\college\graduation project\june_work\emap4\visual_studio_work_space\emap4_clean_complex\source.cpp(4034): warning C4244: 'argument' : conversion from 'double' to 'float', possible loss of data
     1>e:\files\ahmed\college\graduation project\june_work\emap4\visual_studio_work_space\emap4_clean_complex\source.cpp(4034): warning C4244: 'argument' : conversion from 'double' to 'float', possible loss of data
     1>e:\files\ahmed\college\graduation project\june_work\emap4\visual_studio_work_space\emap4_clean_complex\source.cpp(4377): warning C4996: 'fopen': This function or variable may be unsafe. Consider using fopen_s instead. To disable deprecation, use _CRT_SECURE_NO_WARNINGS. See online help for details.
                 c:\program files (x86)\microsoft visual studio 10.0\vc\include\stdio.h(234) : see declaration of 'fopen'
     1>e:\files\ahmed\college\graduation project\june_work\emap4\visual_studio_work_space\emap4_clean_complex\source.cpp(4378): warning C4996: 'fopen': This function or variable may be unsafe. Consider using fopen_s instead. To disable deprecation, use _CRT_SECURE_NO_WARNINGS. See online help for details.
                 c:\program files (x86)\microsoft visual studio 10.0\vc\include\stdio.h(234) : see declaration of 'fopen'
     1>e:\files\ahmed\college\graduation project\june_work\emap4\visual_studio_work_space\emap4_clean_complex\source.cpp(4379): warning C4996: 'fopen': This function or variable may be unsafe. Consider using fopen_s instead. To disable deprecation, use _CRT_SECURE_NO_WARNINGS. See online help for details.
                 c:\program files (x86)\microsoft visual studio 10.0\vc\include\stdio.h(234) : see declaration of 'fopen'
     1>e:\files\ahmed\college\graduation project\june_work\emap4\visual_studio_work_space\emap4_clean_complex\source.cpp(4380): warning C4996: 'fopen': This function or variable may be unsafe. Consider using fopen_s instead. To disable deprecation, use _CRT_SECURE_NO_WARNINGS. See online help for details.
                 c:\program files (x86)\microsoft visual studio 10.0\vc\include\stdio.h(234) : see declaration of 'fopen'
     1>e:\files\ahmed\college\graduation project\june_work\emap4\visual_studio_work_space\emap4_clean_complex\source.cpp(4381): warning C4996: 'fopen': This function or variable may be unsafe. Consider using fopen_s instead. To disable deprecation, use _CRT_SECURE_NO_WARNINGS. See online help for details.
                 c:\program files (x86)\microsoft visual studio 10.0\vc\include\stdio.h(234) : see declaration of 'fopen'
     1>e:\files\ahmed\college\graduation project\june_work\emap4\visual_studio_work_space\emap4_clean_complex\source.cpp(4410): warning C4996: 'sscanf': This function or variable may be unsafe. Consider using sscanf_s instead. To disable deprecation, use _CRT_SECURE_NO_WARNINGS. See online help for details.
                 c:\program files (x86)\microsoft visual studio 10.0\vc\include\stdio.h(325) : see declaration of 'sscanf'
       ManifestResourceCompile:
         All outputs are up-to-date.
       Link:
         C:\Program Files (x86)\Microsoft Visual Studio 10.0\VC\bin\link.exe /ERRORREPORT:PROMPT /OUT:"E:\files\ahmed\College\Graduation Project\June_Work\Emap4\Visual_studio_work_space\Emap4_clean_complex\Debug\Emap4_clean_complex.exe" /INCREMENTAL /NOLOGO kernel32.lib user32.lib gdi32.lib winspool.lib comdlg32.lib advapi32.lib shell32.lib ole32.lib oleaut32.lib uuid.lib odbc32.lib odbccp32.lib /MANIFEST /ManifestFile:"Debug\Emap4_clean_complex.exe.intermediate.manifest" /MANIFESTUAC:"level='asInvoker' uiAccess='false'" /DEBUG /PDB:"E:\files\ahmed\College\Graduation Project\June_Work\Emap4\Visual_studio_work_space\Emap4_clean_complex\Debug\Emap4_clean_complex.pdb" /SUBSYSTEM:CONSOLE /TLBID:1 /DYNAMICBASE /NXCOMPAT /IMPLIB:"E:\files\ahmed\College\Graduation Project\June_Work\Emap4\Visual_studio_work_space\Emap4_clean_complex\Debug\Emap4_clean_complex.lib" /MACHINE:X86 Debug\Emap4_clean_complex.exe.embed.manifest.res
         Debug\Source.obj
       Manifest:
         C:\Program Files (x86)\Microsoft SDKs\Windows\v7.0A\bin\mt.exe /nologo /verbose /out:"Debug\Emap4_clean_complex.exe.embed.manifest" /manifest Debug\Emap4_clean_complex.exe.intermediate.manifest
         All outputs are up-to-date.
       LinkEmbedManifest:
         All outputs are up-to-date.
         Emap4_clean_complex.vcxproj -> E:\files\ahmed\College\Graduation Project\June_Work\Emap4\Visual_studio_work_space\Emap4_clean_complex\Debug\Emap4_clean_complex.exe
       FinalizeBuildStatus:
         Deleting file "Debug\Emap4_clean_complex.unsuccessfulbuild".
         Touching "Debug\Emap4_clean_complex.lastbuildstate".
     1>Done Building Project "E:\files\ahmed\College\Graduation Project\June_Work\Emap4\Visual_studio_work_space\Emap4_clean_complex\Emap4_clean_complex.vcxproj" (build target(s)).

Build succeeded.

Time Elapsed 00:00:02.14
